Using pre-set license
Built from '2021.3/staging' branch; Version is '2021.3.6f1 (7da38d85baf6) revision 8233869'; Using compiler version '192829333'; Build Type 'Release'
OS: 'Windows 11  (10.0.22621) 64bit Core' Language: 'en' Physical Memory: 16222 MB
BatchMode: 1, IsHumanControllingUs: 0, StartBugReporterOnCrash: 0, Is64bit: 1, IsPro: 1

COMMAND LINE ARGUMENTS:
C:\Program Files\Unity\Hub\Editor\2021.3.6f1\Editor\Unity.exe
-adb2
-batchMode
-noUpm
-name
AssetImportWorker10
-projectPath
C:/Users/elmim/Documents/Sentip/Are-you-there-Unity-/Are-you-there
-logFile
Logs/AssetImportWorker10.log
-srvPort
65137
Successfully changed project path to: C:/Users/elmim/Documents/Sentip/Are-you-there-Unity-/Are-you-there
C:/Users/elmim/Documents/Sentip/Are-you-there-Unity-/Are-you-there
[UnityMemory] Configuration Parameters - Can be set up in boot.config
    "memorysetup-bucket-allocator-granularity=16"
    "memorysetup-bucket-allocator-bucket-count=8"
    "memorysetup-bucket-allocator-block-size=33554432"
    "memorysetup-bucket-allocator-block-count=8"
    "memorysetup-main-allocator-block-size=16777216"
    "memorysetup-thread-allocator-block-size=16777216"
    "memorysetup-gfx-main-allocator-block-size=16777216"
    "memorysetup-gfx-thread-allocator-block-size=16777216"
    "memorysetup-cache-allocator-block-size=4194304"
    "memorysetup-typetree-allocator-block-size=2097152"
    "memorysetup-profiler-bucket-allocator-granularity=16"
    "memorysetup-profiler-bucket-allocator-bucket-count=8"
    "memorysetup-profiler-bucket-allocator-block-size=33554432"
    "memorysetup-profiler-bucket-allocator-block-count=8"
    "memorysetup-profiler-allocator-block-size=16777216"
    "memorysetup-profiler-editor-allocator-block-size=1048576"
    "memorysetup-temp-allocator-size-main=16777216"
    "memorysetup-job-temp-allocator-block-size=2097152"
    "memorysetup-job-temp-allocator-block-size-background=1048576"
    "memorysetup-job-temp-allocator-reduction-small-platforms=262144"
    "memorysetup-temp-allocator-size-background-worker=32768"
    "memorysetup-temp-allocator-size-job-worker=262144"
    "memorysetup-temp-allocator-size-preload-manager=33554432"
    "memorysetup-temp-allocator-size-nav-mesh-worker=65536"
    "memorysetup-temp-allocator-size-audio-worker=65536"
    "memorysetup-temp-allocator-size-cloud-worker=32768"
    "memorysetup-temp-allocator-size-gi-baking-worker=262144"
    "memorysetup-temp-allocator-size-gfx=262144"
Refreshing native plugins compatible for Editor in 223.35 ms, found 3 plugins.
Preloading 0 native plugins for Editor in 0.00 ms.
Initialize engine version: 2021.3.6f1 (7da38d85baf6)
[Subsystems] Discovering subsystems at path C:/Program Files/Unity/Hub/Editor/2021.3.6f1/Editor/Data/Resources/UnitySubsystems
[Subsystems] Discovering subsystems at path C:/Users/elmim/Documents/Sentip/Are-you-there-Unity-/Are-you-there/Assets
GfxDevice: creating device client; threaded=0; jobified=0
Direct3D:
    Version:  Direct3D 11.0 [level 11.1]
    Renderer: NVIDIA GeForce RTX 2060 (ID=0x1f15)
    Vendor:   NVIDIA
    VRAM:     5980 MB
    Driver:   31.0.15.1694
Initialize mono
Mono path[0] = 'C:/Program Files/Unity/Hub/Editor/2021.3.6f1/Editor/Data/Managed'
Mono path[1] = 'C:/Program Files/Unity/Hub/Editor/2021.3.6f1/Editor/Data/MonoBleedingEdge/lib/mono/unityjit-win32'
Mono config path = 'C:/Program Files/Unity/Hub/Editor/2021.3.6f1/Editor/Data/MonoBleedingEdge/etc'
Using monoOptions --debugger-agent=transport=dt_socket,embedding=1,server=y,suspend=n,address=127.0.0.1:56584
Begin MonoManager ReloadAssembly
Registering precompiled unity dll's ...
Register platform support module: C:/Program Files/Unity/Hub/Editor/2021.3.6f1/Editor/Data/PlaybackEngines/WindowsStandaloneSupport/UnityEditor.WindowsStandalone.Extensions.dll
Registered in 0.008621 seconds.
Native extension for WindowsStandalone target not found
Refreshing native plugins compatible for Editor in 130.06 ms, found 3 plugins.
Preloading 0 native plugins for Editor in 0.00 ms.
Mono: successfully reloaded assembly
- Completed reload, in  0.899 seconds
Domain Reload Profiling:
	ReloadAssembly (900ms)
		BeginReloadAssembly (95ms)
			ExecutionOrderSort (0ms)
			DisableScriptedObjects (0ms)
			BackupInstance (0ms)
			ReleaseScriptingObjects (0ms)
			CreateAndSetChildDomain (1ms)
		EndReloadAssembly (654ms)
			LoadAssemblies (92ms)
			RebuildTransferFunctionScriptingTraits (0ms)
			SetupTypeCache (153ms)
			ReleaseScriptCaches (0ms)
			RebuildScriptCaches (43ms)
			SetupLoadedEditorAssemblies (386ms)
				LogAssemblyErrors (0ms)
				InitializePlatformSupportModulesInManaged (10ms)
				SetLoadedEditorAssemblies (0ms)
				RefreshPlugins (130ms)
				BeforeProcessingInitializeOnLoad (2ms)
				ProcessInitializeOnLoadAttributes (184ms)
				ProcessInitializeOnLoadMethodAttributes (60ms)
				AfterProcessingInitializeOnLoad (0ms)
				EditorAssembliesLoaded (0ms)
			ExecutionOrderSort2 (0ms)
			AwakeInstancesAfterBackupRestoration (0ms)
Platform modules already initialized, skipping
Registering precompiled user dll's ...
Registered in 0.006834 seconds.
Begin MonoManager ReloadAssembly
Symbol file LoadedFromMemory doesn't match image C:\Users\elmim\Documents\Sentip\Are-you-there-Unity-\Are-you-there\Library\PackageCache\com.unity.visualscripting@1.7.8\Editor\VisualScripting.Core\Dependencies\YamlDotNet\Unity.VisualScripting.YamlDotNet.dll
Symbol file LoadedFromMemory doesn't match image C:\Users\elmim\Documents\Sentip\Are-you-there-Unity-\Are-you-there\Library\PackageCache\com.unity.visualscripting@1.7.8\Editor\VisualScripting.Core\Dependencies\DotNetZip\Unity.VisualScripting.IonicZip.dll
Native extension for WindowsStandalone target not found
Refreshing native plugins compatible for Editor in 1.75 ms, found 3 plugins.
Preloading 0 native plugins for Editor in 0.00 ms.
Mono: successfully reloaded assembly
- Completed reload, in  1.658 seconds
Domain Reload Profiling:
	ReloadAssembly (1659ms)
		BeginReloadAssembly (208ms)
			ExecutionOrderSort (0ms)
			DisableScriptedObjects (9ms)
			BackupInstance (0ms)
			ReleaseScriptingObjects (0ms)
			CreateAndSetChildDomain (34ms)
		EndReloadAssembly (1234ms)
			LoadAssemblies (184ms)
			RebuildTransferFunctionScriptingTraits (0ms)
			SetupTypeCache (410ms)
			ReleaseScriptCaches (1ms)
			RebuildScriptCaches (81ms)
			SetupLoadedEditorAssemblies (536ms)
				LogAssemblyErrors (0ms)
				InitializePlatformSupportModulesInManaged (7ms)
				SetLoadedEditorAssemblies (1ms)
				RefreshPlugins (2ms)
				BeforeProcessingInitializeOnLoad (131ms)
				ProcessInitializeOnLoadAttributes (348ms)
				ProcessInitializeOnLoadMethodAttributes (38ms)
				AfterProcessingInitializeOnLoad (9ms)
				EditorAssembliesLoaded (0ms)
			ExecutionOrderSort2 (0ms)
			AwakeInstancesAfterBackupRestoration (10ms)
Platform modules already initialized, skipping
========================================================================
Worker process is ready to serve import requests
Launched and connected shader compiler UnityShaderCompiler.exe after 0.21 seconds
Refreshing native plugins compatible for Editor in 2.16 ms, found 3 plugins.
Preloading 0 native plugins for Editor in 0.00 ms.
Unloading 3369 Unused Serialized files (Serialized files now loaded: 0)
Unloading 27 unused Assets / (111.3 KB). Loaded Objects now: 3827.
Memory consumption went from 116.3 MB to 116.2 MB.
Total: 6.529700 ms (FindLiveObjects: 0.790800 ms CreateObjectMapping: 0.522700 ms MarkObjects: 5.080800 ms  DeleteObjects: 0.133700 ms)

AssetImportParameters requested are different than current active one (requested -> active):
  custom:video-decoder-ogg-theora: a1e56fd34408186e4bbccfd4996cb3dc -> 
  custom:container-muxer-webm: aa71ff27fc2769a1b78a27578f13a17b -> 
  custom:container-demuxer-webm: 4f35f7cbe854078d1ac9338744f61a02 -> 
  custom:video-encoder-webm-vp8: eb34c28f22e8b96e1ab97ce403110664 -> 
  custom:audio-encoder-webm-vorbis: bf7c407c2cedff20999df2af8eb42d56 -> 
  custom:framework-win-MediaFoundation: 216162199b28c13a410421893ffa2e32 -> 
  custom:container-demuxer-ogg: 62fdf1f143b41e24485cea50d1cbac27 -> 
  custom:video-decoder-webm-vp8: 9c59270c3fd7afecdb556c50c9e8de78 -> 
  custom:audio-decoder-ogg-vorbis: bf7c407c2cedff20999df2af8eb42d56 -> 
========================================================================
Received Import Request.
  Time since last request: 695058.806757 seconds.
  path: Assets/DeskClutterKit/renders/screenshot002.png
  artifactKey: Guid(fb20c02235643fd459d6784ff9b71077) Importer(815301076,1909f56bfc062723c751e8b465ee728b)
Start importing Assets/DeskClutterKit/renders/screenshot002.png using Guid(fb20c02235643fd459d6784ff9b71077) Importer(815301076,1909f56bfc062723c751e8b465ee728b)  -> (artifact id: '9653462293caa50887d1fe95c9a6bf19') in 0.144376 seconds 
========================================================================
Received Import Request.
  Time since last request: 5.703964 seconds.
  path: Assets/DeskClutterKit/Materials/mat_filetray.mat
  artifactKey: Guid(d8f5abf2d66099848a51a49b700ee1b8) Importer(815301076,1909f56bfc062723c751e8b465ee728b)
Start importing Assets/DeskClutterKit/Materials/mat_filetray.mat using Guid(d8f5abf2d66099848a51a49b700ee1b8) Importer(815301076,1909f56bfc062723c751e8b465ee728b)  -> (artifact id: 'a300cae26d402345773374d23b17c2c6') in 0.176989 seconds 
========================================================================
Received Import Request.
  Time since last request: 0.000044 seconds.
  path: Assets/DeskClutterKit/Materials/system_case.mat
  artifactKey: Guid(9f885ebef431a354aa8236214f84d22c) Importer(815301076,1909f56bfc062723c751e8b465ee728b)
Start importing Assets/DeskClutterKit/Materials/system_case.mat using Guid(9f885ebef431a354aa8236214f84d22c) Importer(815301076,1909f56bfc062723c751e8b465ee728b)  -> (artifact id: '85ff3f277057934eb108a8d9abc747bc') in 0.167857 seconds 
========================================================================
Received Import Request.
  Time since last request: 39.635747 seconds.
  path: Assets/Assets_OfficeTables/models/table5.FBX
  artifactKey: Guid(428129a228baf69459e9153735b79d83) Importer(815301076,1909f56bfc062723c751e8b465ee728b)
Start importing Assets/Assets_OfficeTables/models/table5.FBX using Guid(428129a228baf69459e9153735b79d83) Importer(815301076,1909f56bfc062723c751e8b465ee728b)  -> (artifact id: 'c4ffd9cb65920baa569a704e6ece990d') in 0.516878 seconds 
========================================================================
Received Import Request.
  Time since last request: 17.525476 seconds.
  path: Assets/DeskClutterKit/Prefabs/table5.prefab
  artifactKey: Guid(6a0aa1353e0862b448dfe45f62785b8e) Importer(815301076,1909f56bfc062723c751e8b465ee728b)
Start importing Assets/DeskClutterKit/Prefabs/table5.prefab using Guid(6a0aa1353e0862b448dfe45f62785b8e) Importer(815301076,1909f56bfc062723c751e8b465ee728b)  -> (artifact id: '4704db544d606a386fc323d4dbe66596') in 0.138815 seconds 
========================================================================
Received Import Request.
  Time since last request: 10.473199 seconds.
  path: Assets/DeskClutterKit/Textures/textures/system_case/system_case_Normal.png
  artifactKey: Guid(edb82ffc655b45142be3e4f3485c8390) Importer(815301076,1909f56bfc062723c751e8b465ee728b)
Start importing Assets/DeskClutterKit/Textures/textures/system_case/system_case_Normal.png using Guid(edb82ffc655b45142be3e4f3485c8390) Importer(815301076,1909f56bfc062723c751e8b465ee728b)  -> (artifact id: '34e8d290f6a703d92c60bc1175f5bfa4') in 0.034855 seconds 
========================================================================
Received Import Request.
  Time since last request: 28.961114 seconds.
  path: Assets/DeskClutterKit/Textures/office_desk-2.tga
  artifactKey: Guid(f52395c7b93729d4bad83b04aca6ee86) Importer(815301076,1909f56bfc062723c751e8b465ee728b)
Start importing Assets/DeskClutterKit/Textures/office_desk-2.tga using Guid(f52395c7b93729d4bad83b04aca6ee86) Importer(815301076,1909f56bfc062723c751e8b465ee728b)  -> (artifact id: 'e46fd69c8cd8e9b5aa16301062f4ec81') in 0.095640 seconds 
========================================================================
Received Import Request.
  Time since last request: 0.000038 seconds.
  path: Assets/DeskClutterKit/Textures/office_desk-3.tga
  artifactKey: Guid(c3952e328a08b964ca2b9e84914645d6) Importer(815301076,1909f56bfc062723c751e8b465ee728b)
Start importing Assets/DeskClutterKit/Textures/office_desk-3.tga using Guid(c3952e328a08b964ca2b9e84914645d6) Importer(815301076,1909f56bfc062723c751e8b465ee728b)  -> (artifact id: '6e83778458a6abfbd035e4d9d02e7882') in 0.093780 seconds 
========================================================================
Received Import Request.
  Time since last request: 0.000040 seconds.
  path: Assets/DeskClutterKit/Textures/office_desk-3_specular.psd
  artifactKey: Guid(b302cc49a83d7a34e9f22e1d57da2429) Importer(815301076,1909f56bfc062723c751e8b465ee728b)
Start importing Assets/DeskClutterKit/Textures/office_desk-3_specular.psd using Guid(b302cc49a83d7a34e9f22e1d57da2429) Importer(815301076,1909f56bfc062723c751e8b465ee728b)  -> (artifact id: '77b4a275ce0b0a59222966f9171339e7') in 0.039781 seconds 
Editor requested this worker to shutdown with reason: Scaling down because of idle timeout
AssetImportWorker is now disconnected from the server
Process exiting
Exiting without the bug reporter. Application will terminate with return code 0