Using pre-set license
Built from '2021.3/staging' branch; Version is '2021.3.6f1 (7da38d85baf6) revision 8233869'; Using compiler version '192829333'; Build Type 'Release'
OS: 'Windows 11  (10.0.22621) 64bit Core' Language: 'en' Physical Memory: 16222 MB
BatchMode: 1, IsHumanControllingUs: 0, StartBugReporterOnCrash: 0, Is64bit: 1, IsPro: 1

COMMAND LINE ARGUMENTS:
C:\Program Files\Unity\Hub\Editor\2021.3.6f1\Editor\Unity.exe
-adb2
-batchMode
-noUpm
-name
AssetImportWorker8
-projectPath
C:/Users/elmim/Documents/Sentip/Are-you-there-Unity-/Are-you-there
-logFile
Logs/AssetImportWorker8.log
-srvPort
65137
Successfully changed project path to: C:/Users/elmim/Documents/Sentip/Are-you-there-Unity-/Are-you-there
C:/Users/elmim/Documents/Sentip/Are-you-there-Unity-/Are-you-there
[UnityMemory] Configuration Parameters - Can be set up in boot.config
    "memorysetup-bucket-allocator-granularity=16"
    "memorysetup-bucket-allocator-bucket-count=8"
    "memorysetup-bucket-allocator-block-size=33554432"
    "memorysetup-bucket-allocator-block-count=8"
    "memorysetup-main-allocator-block-size=16777216"
    "memorysetup-thread-allocator-block-size=16777216"
    "memorysetup-gfx-main-allocator-block-size=16777216"
    "memorysetup-gfx-thread-allocator-block-size=16777216"
    "memorysetup-cache-allocator-block-size=4194304"
    "memorysetup-typetree-allocator-block-size=2097152"
    "memorysetup-profiler-bucket-allocator-granularity=16"
    "memorysetup-profiler-bucket-allocator-bucket-count=8"
    "memorysetup-profiler-bucket-allocator-block-size=33554432"
    "memorysetup-profiler-bucket-allocator-block-count=8"
    "memorysetup-profiler-allocator-block-size=16777216"
    "memorysetup-profiler-editor-allocator-block-size=1048576"
    "memorysetup-temp-allocator-size-main=16777216"
    "memorysetup-job-temp-allocator-block-size=2097152"
    "memorysetup-job-temp-allocator-block-size-background=1048576"
    "memorysetup-job-temp-allocator-reduction-small-platforms=262144"
    "memorysetup-temp-allocator-size-background-worker=32768"
    "memorysetup-temp-allocator-size-job-worker=262144"
    "memorysetup-temp-allocator-size-preload-manager=33554432"
    "memorysetup-temp-allocator-size-nav-mesh-worker=65536"
    "memorysetup-temp-allocator-size-audio-worker=65536"
    "memorysetup-temp-allocator-size-cloud-worker=32768"
    "memorysetup-temp-allocator-size-gi-baking-worker=262144"
    "memorysetup-temp-allocator-size-gfx=262144"
Refreshing native plugins compatible for Editor in 206.03 ms, found 3 plugins.
Preloading 0 native plugins for Editor in 0.00 ms.
Initialize engine version: 2021.3.6f1 (7da38d85baf6)
[Subsystems] Discovering subsystems at path C:/Program Files/Unity/Hub/Editor/2021.3.6f1/Editor/Data/Resources/UnitySubsystems
[Subsystems] Discovering subsystems at path C:/Users/elmim/Documents/Sentip/Are-you-there-Unity-/Are-you-there/Assets
GfxDevice: creating device client; threaded=0; jobified=0
Direct3D:
    Version:  Direct3D 11.0 [level 11.1]
    Renderer: NVIDIA GeForce RTX 2060 (ID=0x1f15)
    Vendor:   NVIDIA
    VRAM:     5980 MB
    Driver:   31.0.15.1694
Initialize mono
Mono path[0] = 'C:/Program Files/Unity/Hub/Editor/2021.3.6f1/Editor/Data/Managed'
Mono path[1] = 'C:/Program Files/Unity/Hub/Editor/2021.3.6f1/Editor/Data/MonoBleedingEdge/lib/mono/unityjit-win32'
Mono config path = 'C:/Program Files/Unity/Hub/Editor/2021.3.6f1/Editor/Data/MonoBleedingEdge/etc'
Using monoOptions --debugger-agent=transport=dt_socket,embedding=1,server=y,suspend=n,address=127.0.0.1:56364
Begin MonoManager ReloadAssembly
Registering precompiled unity dll's ...
Register platform support module: C:/Program Files/Unity/Hub/Editor/2021.3.6f1/Editor/Data/PlaybackEngines/WindowsStandaloneSupport/UnityEditor.WindowsStandalone.Extensions.dll
Registered in 0.006753 seconds.
Native extension for WindowsStandalone target not found
Refreshing native plugins compatible for Editor in 120.92 ms, found 3 plugins.
Preloading 0 native plugins for Editor in 0.00 ms.
Mono: successfully reloaded assembly
- Completed reload, in  0.900 seconds
Domain Reload Profiling:
	ReloadAssembly (900ms)
		BeginReloadAssembly (91ms)
			ExecutionOrderSort (0ms)
			DisableScriptedObjects (0ms)
			BackupInstance (0ms)
			ReleaseScriptingObjects (0ms)
			CreateAndSetChildDomain (1ms)
		EndReloadAssembly (661ms)
			LoadAssemblies (88ms)
			RebuildTransferFunctionScriptingTraits (0ms)
			SetupTypeCache (151ms)
			ReleaseScriptCaches (0ms)
			RebuildScriptCaches (45ms)
			SetupLoadedEditorAssemblies (389ms)
				LogAssemblyErrors (0ms)
				InitializePlatformSupportModulesInManaged (9ms)
				SetLoadedEditorAssemblies (0ms)
				RefreshPlugins (121ms)
				BeforeProcessingInitializeOnLoad (1ms)
				ProcessInitializeOnLoadAttributes (190ms)
				ProcessInitializeOnLoadMethodAttributes (67ms)
				AfterProcessingInitializeOnLoad (0ms)
				EditorAssembliesLoaded (0ms)
			ExecutionOrderSort2 (0ms)
			AwakeInstancesAfterBackupRestoration (0ms)
Platform modules already initialized, skipping
Registering precompiled user dll's ...
Registered in 0.006652 seconds.
Begin MonoManager ReloadAssembly
Symbol file LoadedFromMemory doesn't match image C:\Users\elmim\Documents\Sentip\Are-you-there-Unity-\Are-you-there\Library\PackageCache\com.unity.visualscripting@1.7.8\Editor\VisualScripting.Core\Dependencies\YamlDotNet\Unity.VisualScripting.YamlDotNet.dll
Symbol file LoadedFromMemory doesn't match image C:\Users\elmim\Documents\Sentip\Are-you-there-Unity-\Are-you-there\Library\PackageCache\com.unity.visualscripting@1.7.8\Editor\VisualScripting.Core\Dependencies\DotNetZip\Unity.VisualScripting.IonicZip.dll
Native extension for WindowsStandalone target not found
Refreshing native plugins compatible for Editor in 2.25 ms, found 3 plugins.
Preloading 0 native plugins for Editor in 0.00 ms.
Mono: successfully reloaded assembly
- Completed reload, in  1.656 seconds
Domain Reload Profiling:
	ReloadAssembly (1657ms)
		BeginReloadAssembly (202ms)
			ExecutionOrderSort (0ms)
			DisableScriptedObjects (10ms)
			BackupInstance (0ms)
			ReleaseScriptingObjects (0ms)
			CreateAndSetChildDomain (34ms)
		EndReloadAssembly (1244ms)
			LoadAssemblies (192ms)
			RebuildTransferFunctionScriptingTraits (0ms)
			SetupTypeCache (411ms)
			ReleaseScriptCaches (1ms)
			RebuildScriptCaches (79ms)
			SetupLoadedEditorAssemblies (525ms)
				LogAssemblyErrors (0ms)
				InitializePlatformSupportModulesInManaged (6ms)
				SetLoadedEditorAssemblies (1ms)
				RefreshPlugins (2ms)
				BeforeProcessingInitializeOnLoad (128ms)
				ProcessInitializeOnLoadAttributes (340ms)
				ProcessInitializeOnLoadMethodAttributes (40ms)
				AfterProcessingInitializeOnLoad (8ms)
				EditorAssembliesLoaded (0ms)
			ExecutionOrderSort2 (0ms)
			AwakeInstancesAfterBackupRestoration (9ms)
Platform modules already initialized, skipping
========================================================================
Worker process is ready to serve import requests
Launched and connected shader compiler UnityShaderCompiler.exe after 0.23 seconds
Refreshing native plugins compatible for Editor in 1.74 ms, found 3 plugins.
Preloading 0 native plugins for Editor in 0.00 ms.
Unloading 3369 Unused Serialized files (Serialized files now loaded: 0)
Unloading 27 unused Assets / (111.3 KB). Loaded Objects now: 3827.
Memory consumption went from 116.3 MB to 116.2 MB.
Total: 7.729000 ms (FindLiveObjects: 0.485600 ms CreateObjectMapping: 0.550200 ms MarkObjects: 6.529400 ms  DeleteObjects: 0.162600 ms)

AssetImportParameters requested are different than current active one (requested -> active):
  custom:video-decoder-ogg-theora: a1e56fd34408186e4bbccfd4996cb3dc -> 
  custom:container-muxer-webm: aa71ff27fc2769a1b78a27578f13a17b -> 
  custom:container-demuxer-webm: 4f35f7cbe854078d1ac9338744f61a02 -> 
  custom:video-encoder-webm-vp8: eb34c28f22e8b96e1ab97ce403110664 -> 
  custom:audio-encoder-webm-vorbis: bf7c407c2cedff20999df2af8eb42d56 -> 
  custom:framework-win-MediaFoundation: 216162199b28c13a410421893ffa2e32 -> 
  custom:container-demuxer-ogg: 62fdf1f143b41e24485cea50d1cbac27 -> 
  custom:video-decoder-webm-vp8: 9c59270c3fd7afecdb556c50c9e8de78 -> 
  custom:audio-decoder-ogg-vorbis: bf7c407c2cedff20999df2af8eb42d56 -> 
========================================================================
Received Import Request.
  Time since last request: 695058.806385 seconds.
  path: Assets/DeskClutterKit/renders/screenshot000.png
  artifactKey: Guid(b9ddb59b1a7d813429840eca047f68a1) Importer(815301076,1909f56bfc062723c751e8b465ee728b)
Start importing Assets/DeskClutterKit/renders/screenshot000.png using Guid(b9ddb59b1a7d813429840eca047f68a1) Importer(815301076,1909f56bfc062723c751e8b465ee728b)  -> (artifact id: '3ba4c523f14d2ffc938c9fa50a654000') in 0.143563 seconds 
========================================================================
Received Import Request.
  Time since last request: 5.706088 seconds.
  path: Assets/DeskClutterKit/Materials/mat_coffeemug.mat
  artifactKey: Guid(b3ef510ede459ed49a9cb7c413d5069c) Importer(815301076,1909f56bfc062723c751e8b465ee728b)
Start importing Assets/DeskClutterKit/Materials/mat_coffeemug.mat using Guid(b3ef510ede459ed49a9cb7c413d5069c) Importer(815301076,1909f56bfc062723c751e8b465ee728b)  -> (artifact id: 'a6853c988b49715de480981867c33a5d') in 0.153649 seconds 
========================================================================
Received Import Request.
  Time since last request: 0.000052 seconds.
  path: Assets/DeskClutterKit/Materials/mat_tapedispenser.mat
  artifactKey: Guid(146fd25e7e973f24782c647787acfbaa) Importer(815301076,1909f56bfc062723c751e8b465ee728b)
Start importing Assets/DeskClutterKit/Materials/mat_tapedispenser.mat using Guid(146fd25e7e973f24782c647787acfbaa) Importer(815301076,1909f56bfc062723c751e8b465ee728b)  -> (artifact id: '1d11b3c6417369f337f7d86a231962e7') in 0.048798 seconds 
========================================================================
Received Import Request.
  Time since last request: 0.000036 seconds.
  path: Assets/DeskClutterKit/Materials/mat_usbstick.mat
  artifactKey: Guid(07b261aa934af0c428a77295e13e6666) Importer(815301076,1909f56bfc062723c751e8b465ee728b)
Start importing Assets/DeskClutterKit/Materials/mat_usbstick.mat using Guid(07b261aa934af0c428a77295e13e6666) Importer(815301076,1909f56bfc062723c751e8b465ee728b)  -> (artifact id: '9d71e87fdd7afb874aff8a572f67bc40') in 0.028913 seconds 
========================================================================
Received Import Request.
  Time since last request: 0.000038 seconds.
  path: Assets/DeskClutterKit/Materials/monitor.mat
  artifactKey: Guid(650116d07ef544146b842a10fced63c7) Importer(815301076,1909f56bfc062723c751e8b465ee728b)
Start importing Assets/DeskClutterKit/Materials/monitor.mat using Guid(650116d07ef544146b842a10fced63c7) Importer(815301076,1909f56bfc062723c751e8b465ee728b)  -> (artifact id: '9314fe7c4e010d34ce377d3e661cf675') in 0.076773 seconds 
========================================================================
Received Import Request.
  Time since last request: 35.338057 seconds.
  path: Assets/Assets_OfficeTables/_previews/small.jpg
  artifactKey: Guid(50ef2b7a5d13f1047b8aee3b6c93394b) Importer(815301076,1909f56bfc062723c751e8b465ee728b)
Start importing Assets/Assets_OfficeTables/_previews/small.jpg using Guid(50ef2b7a5d13f1047b8aee3b6c93394b) Importer(815301076,1909f56bfc062723c751e8b465ee728b)  -> (artifact id: 'a64c2061c4a33d9250288739f48b8b59') in 0.124218 seconds 
========================================================================
Received Import Request.
  Time since last request: 4.165250 seconds.
  path: Assets/Assets_OfficeTables/models/table3.FBX
  artifactKey: Guid(caa4cd41a96555f498755f7be4e83ce1) Importer(815301076,1909f56bfc062723c751e8b465ee728b)
Start importing Assets/Assets_OfficeTables/models/table3.FBX using Guid(caa4cd41a96555f498755f7be4e83ce1) Importer(815301076,1909f56bfc062723c751e8b465ee728b)  -> (artifact id: 'fcfa7c389e2d222e10dfcd6525f125b4') in 0.375325 seconds 
========================================================================
Received Import Request.
  Time since last request: 17.666820 seconds.
  path: Assets/DeskClutterKit/Prefabs/table3.prefab
  artifactKey: Guid(2cb92bd1d26db094ca878d5140e99618) Importer(815301076,1909f56bfc062723c751e8b465ee728b)
Start importing Assets/DeskClutterKit/Prefabs/table3.prefab using Guid(2cb92bd1d26db094ca878d5140e99618) Importer(815301076,1909f56bfc062723c751e8b465ee728b)  -> (artifact id: '9afe111e5e08c1faa681aa6f0fa3ed81') in 0.113114 seconds 
========================================================================
Received Import Request.
  Time since last request: 8.066434 seconds.
  path: Assets/DeskClutterKit/Textures/textures/monitor/monitor_Emissive.png
  artifactKey: Guid(d2b3bbca9e41f8741ad15acf716cd8f5) Importer(815301076,1909f56bfc062723c751e8b465ee728b)
Start importing Assets/DeskClutterKit/Textures/textures/monitor/monitor_Emissive.png using Guid(d2b3bbca9e41f8741ad15acf716cd8f5) Importer(815301076,1909f56bfc062723c751e8b465ee728b)  -> (artifact id: '561c8770db460491423a76c480356079') in 0.024814 seconds 
========================================================================
Received Import Request.
  Time since last request: 1.148029 seconds.
  path: Assets/DeskClutterKit/Textures/textures/keyboard/keyboard_Emissive.png
  artifactKey: Guid(a8bf312f71a106846989d684bf33698f) Importer(815301076,1909f56bfc062723c751e8b465ee728b)
Start importing Assets/DeskClutterKit/Textures/textures/keyboard/keyboard_Emissive.png using Guid(a8bf312f71a106846989d684bf33698f) Importer(815301076,1909f56bfc062723c751e8b465ee728b)  -> (artifact id: '8741c03e52a2db8e2f420981f2d4e0bd') in 0.022859 seconds 
========================================================================
Received Import Request.
  Time since last request: 1.193754 seconds.
  path: Assets/DeskClutterKit/Textures/textures/system_case/system_case_Emitter.png
  artifactKey: Guid(ce63779dfeebf0e469a6eec11b11765f) Importer(815301076,1909f56bfc062723c751e8b465ee728b)
Start importing Assets/DeskClutterKit/Textures/textures/system_case/system_case_Emitter.png using Guid(ce63779dfeebf0e469a6eec11b11765f) Importer(815301076,1909f56bfc062723c751e8b465ee728b)  -> (artifact id: 'f1bd52b2023c464b3c2ded84eed65165') in 0.024660 seconds 
========================================================================
Received Import Request.
  Time since last request: 28.969952 seconds.
  path: Assets/DeskClutterKit/Textures/office_desk-1_NORMAL.tga
  artifactKey: Guid(82c9210c7ec092c4aacf86a350486b68) Importer(815301076,1909f56bfc062723c751e8b465ee728b)
Start importing Assets/DeskClutterKit/Textures/office_desk-1_NORMAL.tga using Guid(82c9210c7ec092c4aacf86a350486b68) Importer(815301076,1909f56bfc062723c751e8b465ee728b)  -> (artifact id: '55e1f0938d1d82098cba1a4e0118993e') in 0.101782 seconds 
========================================================================
Received Import Request.
  Time since last request: 0.000043 seconds.
  path: Assets/DeskClutterKit/Textures/office_desk-2_specular.tga
  artifactKey: Guid(97a9b505e795958418c45b69bbcb208d) Importer(815301076,1909f56bfc062723c751e8b465ee728b)
Start importing Assets/DeskClutterKit/Textures/office_desk-2_specular.tga using Guid(97a9b505e795958418c45b69bbcb208d) Importer(815301076,1909f56bfc062723c751e8b465ee728b)  -> (artifact id: 'a34b42677d9fe870a6f69a89fcbbd39f') in 0.107945 seconds 
Editor requested this worker to shutdown with reason: Scaling down because of idle timeout
AssetImportWorker is now disconnected from the server
Process exiting
Exiting without the bug reporter. Application will terminate with return code 0