Using pre-set license
Built from '2021.3/staging' branch; Version is '2021.3.6f1 (7da38d85baf6) revision 8233869'; Using compiler version '192829333'; Build Type 'Release'
OS: 'Windows 11  (10.0.22621) 64bit Core' Language: 'en' Physical Memory: 16222 MB
BatchMode: 1, IsHumanControllingUs: 0, StartBugReporterOnCrash: 0, Is64bit: 1, IsPro: 1

COMMAND LINE ARGUMENTS:
C:\Program Files\Unity\Hub\Editor\2021.3.6f1\Editor\Unity.exe
-adb2
-batchMode
-noUpm
-name
AssetImportWorker6
-projectPath
C:/Users/elmim/Documents/Sentip/Are-you-there-Unity-/Are-you-there
-logFile
Logs/AssetImportWorker6.log
-srvPort
65137
Successfully changed project path to: C:/Users/elmim/Documents/Sentip/Are-you-there-Unity-/Are-you-there
C:/Users/elmim/Documents/Sentip/Are-you-there-Unity-/Are-you-there
[UnityMemory] Configuration Parameters - Can be set up in boot.config
    "memorysetup-bucket-allocator-granularity=16"
    "memorysetup-bucket-allocator-bucket-count=8"
    "memorysetup-bucket-allocator-block-size=33554432"
    "memorysetup-bucket-allocator-block-count=8"
    "memorysetup-main-allocator-block-size=16777216"
    "memorysetup-thread-allocator-block-size=16777216"
    "memorysetup-gfx-main-allocator-block-size=16777216"
    "memorysetup-gfx-thread-allocator-block-size=16777216"
    "memorysetup-cache-allocator-block-size=4194304"
    "memorysetup-typetree-allocator-block-size=2097152"
    "memorysetup-profiler-bucket-allocator-granularity=16"
    "memorysetup-profiler-bucket-allocator-bucket-count=8"
    "memorysetup-profiler-bucket-allocator-block-size=33554432"
    "memorysetup-profiler-bucket-allocator-block-count=8"
    "memorysetup-profiler-allocator-block-size=16777216"
    "memorysetup-profiler-editor-allocator-block-size=1048576"
    "memorysetup-temp-allocator-size-main=16777216"
    "memorysetup-job-temp-allocator-block-size=2097152"
    "memorysetup-job-temp-allocator-block-size-background=1048576"
    "memorysetup-job-temp-allocator-reduction-small-platforms=262144"
    "memorysetup-temp-allocator-size-background-worker=32768"
    "memorysetup-temp-allocator-size-job-worker=262144"
    "memorysetup-temp-allocator-size-preload-manager=33554432"
    "memorysetup-temp-allocator-size-nav-mesh-worker=65536"
    "memorysetup-temp-allocator-size-audio-worker=65536"
    "memorysetup-temp-allocator-size-cloud-worker=32768"
    "memorysetup-temp-allocator-size-gi-baking-worker=262144"
    "memorysetup-temp-allocator-size-gfx=262144"
Refreshing native plugins compatible for Editor in 145.15 ms, found 3 plugins.
Preloading 0 native plugins for Editor in 0.00 ms.
Initialize engine version: 2021.3.6f1 (7da38d85baf6)
[Subsystems] Discovering subsystems at path C:/Program Files/Unity/Hub/Editor/2021.3.6f1/Editor/Data/Resources/UnitySubsystems
[Subsystems] Discovering subsystems at path C:/Users/elmim/Documents/Sentip/Are-you-there-Unity-/Are-you-there/Assets
GfxDevice: creating device client; threaded=0; jobified=0
Direct3D:
    Version:  Direct3D 11.0 [level 11.1]
    Renderer: NVIDIA GeForce RTX 2060 (ID=0x1f15)
    Vendor:   NVIDIA
    VRAM:     5980 MB
    Driver:   31.0.15.1694
Initialize mono
Mono path[0] = 'C:/Program Files/Unity/Hub/Editor/2021.3.6f1/Editor/Data/Managed'
Mono path[1] = 'C:/Program Files/Unity/Hub/Editor/2021.3.6f1/Editor/Data/MonoBleedingEdge/lib/mono/unityjit-win32'
Mono config path = 'C:/Program Files/Unity/Hub/Editor/2021.3.6f1/Editor/Data/MonoBleedingEdge/etc'
Using monoOptions --debugger-agent=transport=dt_socket,embedding=1,server=y,suspend=n,address=127.0.0.1:56240
Begin MonoManager ReloadAssembly
Registering precompiled unity dll's ...
Register platform support module: C:/Program Files/Unity/Hub/Editor/2021.3.6f1/Editor/Data/PlaybackEngines/WindowsStandaloneSupport/UnityEditor.WindowsStandalone.Extensions.dll
Registered in 0.007453 seconds.
Native extension for WindowsStandalone target not found
Refreshing native plugins compatible for Editor in 178.63 ms, found 3 plugins.
Preloading 0 native plugins for Editor in 0.00 ms.
Mono: successfully reloaded assembly
- Completed reload, in  1.301 seconds
Domain Reload Profiling:
	ReloadAssembly (1302ms)
		BeginReloadAssembly (110ms)
			ExecutionOrderSort (0ms)
			DisableScriptedObjects (0ms)
			BackupInstance (0ms)
			ReleaseScriptingObjects (0ms)
			CreateAndSetChildDomain (1ms)
		EndReloadAssembly (1043ms)
			LoadAssemblies (107ms)
			RebuildTransferFunctionScriptingTraits (0ms)
			SetupTypeCache (153ms)
			ReleaseScriptCaches (0ms)
			RebuildScriptCaches (82ms)
			SetupLoadedEditorAssemblies (700ms)
				LogAssemblyErrors (0ms)
				InitializePlatformSupportModulesInManaged (19ms)
				SetLoadedEditorAssemblies (0ms)
				RefreshPlugins (179ms)
				BeforeProcessingInitializeOnLoad (2ms)
				ProcessInitializeOnLoadAttributes (362ms)
				ProcessInitializeOnLoadMethodAttributes (137ms)
				AfterProcessingInitializeOnLoad (0ms)
				EditorAssembliesLoaded (0ms)
			ExecutionOrderSort2 (0ms)
			AwakeInstancesAfterBackupRestoration (0ms)
Platform modules already initialized, skipping
Registering precompiled user dll's ...
Registered in 0.010544 seconds.
Begin MonoManager ReloadAssembly
Symbol file LoadedFromMemory doesn't match image C:\Users\elmim\Documents\Sentip\Are-you-there-Unity-\Are-you-there\Library\PackageCache\com.unity.visualscripting@1.7.8\Editor\VisualScripting.Core\Dependencies\YamlDotNet\Unity.VisualScripting.YamlDotNet.dll
Symbol file LoadedFromMemory doesn't match image C:\Users\elmim\Documents\Sentip\Are-you-there-Unity-\Are-you-there\Library\PackageCache\com.unity.visualscripting@1.7.8\Editor\VisualScripting.Core\Dependencies\DotNetZip\Unity.VisualScripting.IonicZip.dll
Native extension for WindowsStandalone target not found
Refreshing native plugins compatible for Editor in 1.21 ms, found 3 plugins.
Preloading 0 native plugins for Editor in 0.00 ms.
Mono: successfully reloaded assembly
- Completed reload, in  2.209 seconds
Domain Reload Profiling:
	ReloadAssembly (2210ms)
		BeginReloadAssembly (193ms)
			ExecutionOrderSort (0ms)
			DisableScriptedObjects (8ms)
			BackupInstance (0ms)
			ReleaseScriptingObjects (0ms)
			CreateAndSetChildDomain (29ms)
		EndReloadAssembly (1820ms)
			LoadAssemblies (191ms)
			RebuildTransferFunctionScriptingTraits (0ms)
			SetupTypeCache (755ms)
			ReleaseScriptCaches (1ms)
			RebuildScriptCaches (156ms)
			SetupLoadedEditorAssemblies (649ms)
				LogAssemblyErrors (0ms)
				InitializePlatformSupportModulesInManaged (10ms)
				SetLoadedEditorAssemblies (1ms)
				RefreshPlugins (1ms)
				BeforeProcessingInitializeOnLoad (192ms)
				ProcessInitializeOnLoadAttributes (392ms)
				ProcessInitializeOnLoadMethodAttributes (44ms)
				AfterProcessingInitializeOnLoad (8ms)
				EditorAssembliesLoaded (0ms)
			ExecutionOrderSort2 (0ms)
			AwakeInstancesAfterBackupRestoration (7ms)
Platform modules already initialized, skipping
========================================================================
Worker process is ready to serve import requests
Launched and connected shader compiler UnityShaderCompiler.exe after 0.17 seconds
Refreshing native plugins compatible for Editor in 0.93 ms, found 3 plugins.
Preloading 0 native plugins for Editor in 0.00 ms.
Unloading 3369 Unused Serialized files (Serialized files now loaded: 0)
Unloading 27 unused Assets / (111.3 KB). Loaded Objects now: 3827.
Memory consumption went from 116.3 MB to 116.2 MB.
Total: 34.064300 ms (FindLiveObjects: 1.435900 ms CreateObjectMapping: 1.490400 ms MarkObjects: 30.536800 ms  DeleteObjects: 0.599200 ms)

AssetImportParameters requested are different than current active one (requested -> active):
  custom:video-decoder-ogg-theora: a1e56fd34408186e4bbccfd4996cb3dc -> 
  custom:container-muxer-webm: aa71ff27fc2769a1b78a27578f13a17b -> 
  custom:container-demuxer-webm: 4f35f7cbe854078d1ac9338744f61a02 -> 
  custom:video-encoder-webm-vp8: eb34c28f22e8b96e1ab97ce403110664 -> 
  custom:audio-encoder-webm-vorbis: bf7c407c2cedff20999df2af8eb42d56 -> 
  custom:framework-win-MediaFoundation: 216162199b28c13a410421893ffa2e32 -> 
  custom:container-demuxer-ogg: 62fdf1f143b41e24485cea50d1cbac27 -> 
  custom:video-decoder-webm-vp8: 9c59270c3fd7afecdb556c50c9e8de78 -> 
  custom:audio-decoder-ogg-vorbis: bf7c407c2cedff20999df2af8eb42d56 -> 
========================================================================
Received Import Request.
  Time since last request: 695002.757953 seconds.
  path: Assets/DeskClutterKit/Prefabs/pref_coffeemug.prefab
  artifactKey: Guid(a87ed6ae8e795d04eae2ee71cf6a6d87) Importer(815301076,1909f56bfc062723c751e8b465ee728b)
Start importing Assets/DeskClutterKit/Prefabs/pref_coffeemug.prefab using Guid(a87ed6ae8e795d04eae2ee71cf6a6d87) Importer(815301076,1909f56bfc062723c751e8b465ee728b)  -> (artifact id: '5ca3ee4cabc613e16e1572b3a2fb9c94') in 0.324003 seconds 
========================================================================
Received Import Request.
  Time since last request: 0.000028 seconds.
  path: Assets/DeskClutterKit/Prefabs/pref_pencil.prefab
  artifactKey: Guid(16a85fceece7725419a4092049a23b87) Importer(815301076,1909f56bfc062723c751e8b465ee728b)
Start importing Assets/DeskClutterKit/Prefabs/pref_pencil.prefab using Guid(16a85fceece7725419a4092049a23b87) Importer(815301076,1909f56bfc062723c751e8b465ee728b)  -> (artifact id: '66afe1944bcee232dc6e6bddb73aaa7c') in 0.025514 seconds 
========================================================================
Received Import Request.
  Time since last request: 0.000039 seconds.
  path: Assets/DeskClutterKit/Prefabs/pref_usbstick.prefab
  artifactKey: Guid(ed9d71469acd0404cb246e4fd33945d7) Importer(815301076,1909f56bfc062723c751e8b465ee728b)
Start importing Assets/DeskClutterKit/Prefabs/pref_usbstick.prefab using Guid(ed9d71469acd0404cb246e4fd33945d7) Importer(815301076,1909f56bfc062723c751e8b465ee728b)  -> (artifact id: '01e07c2edf3c59e353028f49c3d500c1') in 0.033916 seconds 
========================================================================
Received Import Request.
  Time since last request: 0.000040 seconds.
  path: Assets/DeskClutterKit/Prefabs/pref_tapedispenser.prefab
  artifactKey: Guid(370a64f0fa208254885c58447ca92c9c) Importer(815301076,1909f56bfc062723c751e8b465ee728b)
Start importing Assets/DeskClutterKit/Prefabs/pref_tapedispenser.prefab using Guid(370a64f0fa208254885c58447ca92c9c) Importer(815301076,1909f56bfc062723c751e8b465ee728b)  -> (artifact id: '7df3fb0a9e805ab365021e941c62204a') in 0.031407 seconds 
========================================================================
Received Import Request.
  Time since last request: 0.000034 seconds.
  path: Assets/DeskClutterKit/Prefabs/pref_coffeemugfull.prefab
  artifactKey: Guid(72c0002c0077a43488557b64e131efab) Importer(815301076,1909f56bfc062723c751e8b465ee728b)
Start importing Assets/DeskClutterKit/Prefabs/pref_coffeemugfull.prefab using Guid(72c0002c0077a43488557b64e131efab) Importer(815301076,1909f56bfc062723c751e8b465ee728b)  -> (artifact id: 'c77d767373de0a43e90979eec531e388') in 0.035204 seconds 
========================================================================
Received Import Request.
  Time since last request: 0.000027 seconds.
  path: Assets/DeskClutterKit/Prefabs/pref_pen.prefab
  artifactKey: Guid(c4751db262ea6c7409a77830bfe61bb5) Importer(815301076,1909f56bfc062723c751e8b465ee728b)
Start importing Assets/DeskClutterKit/Prefabs/pref_pen.prefab using Guid(c4751db262ea6c7409a77830bfe61bb5) Importer(815301076,1909f56bfc062723c751e8b465ee728b)  -> (artifact id: '072d0d88af871d4ab52075ee7f194ac1') in 0.025222 seconds 
========================================================================
Received Import Request.
  Time since last request: 0.000033 seconds.
  path: Assets/DeskClutterKit/Prefabs/pref_keyboard.prefab
  artifactKey: Guid(2a54b2ef14189bc49b2ebc3332d76f3f) Importer(815301076,1909f56bfc062723c751e8b465ee728b)
Start importing Assets/DeskClutterKit/Prefabs/pref_keyboard.prefab using Guid(2a54b2ef14189bc49b2ebc3332d76f3f) Importer(815301076,1909f56bfc062723c751e8b465ee728b)  -> (artifact id: '1216d249f5f91d42f50fe6317d6936be') in 0.050757 seconds 
========================================================================
Received Import Request.
  Time since last request: 55.435820 seconds.
  path: Assets/DeskClutterKit/renders/screenshot001.png
  artifactKey: Guid(6f50694b889d18046ac3dc6f350da04e) Importer(815301076,1909f56bfc062723c751e8b465ee728b)
Start importing Assets/DeskClutterKit/renders/screenshot001.png using Guid(6f50694b889d18046ac3dc6f350da04e) Importer(815301076,1909f56bfc062723c751e8b465ee728b)  -> (artifact id: 'b2224b714a274470497c8743d2e88aea') in 0.052754 seconds 
========================================================================
Received Import Request.
  Time since last request: 0.000030 seconds.
  path: Assets/DeskClutterKit/renders/screenshot007.png
  artifactKey: Guid(54f7b33add8ae534fb2380cd5943bcdc) Importer(815301076,1909f56bfc062723c751e8b465ee728b)
Start importing Assets/DeskClutterKit/renders/screenshot007.png using Guid(54f7b33add8ae534fb2380cd5943bcdc) Importer(815301076,1909f56bfc062723c751e8b465ee728b)  -> (artifact id: '7d338de44581d1b176bbfbc4f0274dd9') in 0.024298 seconds 
========================================================================
Received Import Request.
  Time since last request: 0.000069 seconds.
  path: Assets/DeskClutterKit/renders/screenshot011.png
  artifactKey: Guid(3c4c931b7edb22047af8b125e1c8027e) Importer(815301076,1909f56bfc062723c751e8b465ee728b)
Start importing Assets/DeskClutterKit/renders/screenshot011.png using Guid(3c4c931b7edb22047af8b125e1c8027e) Importer(815301076,1909f56bfc062723c751e8b465ee728b)  -> (artifact id: '183d3d0906fab4a599c8add768007814') in 0.025495 seconds 
========================================================================
Received Import Request.
  Time since last request: 0.000036 seconds.
  path: Assets/DeskClutterKit/renders/screenshot005.png
  artifactKey: Guid(e2bf5e8c12380db41a623b5fc448fdae) Importer(815301076,1909f56bfc062723c751e8b465ee728b)
Start importing Assets/DeskClutterKit/renders/screenshot005.png using Guid(e2bf5e8c12380db41a623b5fc448fdae) Importer(815301076,1909f56bfc062723c751e8b465ee728b)  -> (artifact id: '8d842c6b2ee54b0cb8bf70e25a74a89a') in 0.032089 seconds 
========================================================================
Received Import Request.
  Time since last request: 5.676692 seconds.
  path: Assets/DeskClutterKit/Materials/mat_deskphone.mat
  artifactKey: Guid(fd0e2f03edae6d24cae72c4066be212d) Importer(815301076,1909f56bfc062723c751e8b465ee728b)
Start importing Assets/DeskClutterKit/Materials/mat_deskphone.mat using Guid(fd0e2f03edae6d24cae72c4066be212d) Importer(815301076,1909f56bfc062723c751e8b465ee728b)  -> (artifact id: '8e658a0653293640b7c5df3fa25f5d52') in 0.101670 seconds 
========================================================================
Received Import Request.
  Time since last request: 0.000041 seconds.
  path: Assets/DeskClutterKit/Materials/speaker1.mat
  artifactKey: Guid(5328ec838fc436844b68747a43a17988) Importer(815301076,1909f56bfc062723c751e8b465ee728b)
Start importing Assets/DeskClutterKit/Materials/speaker1.mat using Guid(5328ec838fc436844b68747a43a17988) Importer(815301076,1909f56bfc062723c751e8b465ee728b)  -> (artifact id: '96dbeb422822ae9c948d592e983da527') in 0.154638 seconds 
========================================================================
Received Import Request.
  Time since last request: 0.000040 seconds.
  path: Assets/DeskClutterKit/Materials/monitor_OFF.mat
  artifactKey: Guid(ba9ba72f50a36b4469cbb6ef6251e2d5) Importer(815301076,1909f56bfc062723c751e8b465ee728b)
Start importing Assets/DeskClutterKit/Materials/monitor_OFF.mat using Guid(ba9ba72f50a36b4469cbb6ef6251e2d5) Importer(815301076,1909f56bfc062723c751e8b465ee728b)  -> (artifact id: '71d8871dc048c877414e5c0e5378000c') in 0.054460 seconds 
========================================================================
Received Import Request.
  Time since last request: 39.657278 seconds.
  path: Assets/Assets_OfficeTables/models/table4.FBX
  artifactKey: Guid(7422eb0bae394b941bcf7068d3f5ed7b) Importer(815301076,1909f56bfc062723c751e8b465ee728b)
Start importing Assets/Assets_OfficeTables/models/table4.FBX using Guid(7422eb0bae394b941bcf7068d3f5ed7b) Importer(815301076,1909f56bfc062723c751e8b465ee728b)  -> (artifact id: 'a1574bee507b5446ef7ad95e9aebd539') in 0.395931 seconds 
========================================================================
Received Import Request.
  Time since last request: 17.647459 seconds.
  path: Assets/DeskClutterKit/Prefabs/table4.prefab
  artifactKey: Guid(9ad8ab02370810f40b9011248ec13865) Importer(815301076,1909f56bfc062723c751e8b465ee728b)
Start importing Assets/DeskClutterKit/Prefabs/table4.prefab using Guid(9ad8ab02370810f40b9011248ec13865) Importer(815301076,1909f56bfc062723c751e8b465ee728b)  -> (artifact id: '89ccb24cfda94bff9dd1aa4c0282b250') in 0.067392 seconds 
========================================================================
Received Import Request.
  Time since last request: 8.122729 seconds.
  path: Assets/DeskClutterKit/Textures/textures/monitor/monitor_Specular.png
  artifactKey: Guid(0b496a9f5e92fe24395a4c59a270d3fa) Importer(815301076,1909f56bfc062723c751e8b465ee728b)
Start importing Assets/DeskClutterKit/Textures/textures/monitor/monitor_Specular.png using Guid(0b496a9f5e92fe24395a4c59a270d3fa) Importer(815301076,1909f56bfc062723c751e8b465ee728b)  -> (artifact id: '71d7f4654dd86203ff3d442229ead329') in 0.022271 seconds 
========================================================================
Received Import Request.
  Time since last request: 1.150573 seconds.
  path: Assets/DeskClutterKit/Textures/textures/keyboard/spec_probe.png
  artifactKey: Guid(0c0baa1b37f9ce149bf503a54c092311) Importer(815301076,1909f56bfc062723c751e8b465ee728b)
Start importing Assets/DeskClutterKit/Textures/textures/keyboard/spec_probe.png using Guid(0c0baa1b37f9ce149bf503a54c092311) Importer(815301076,1909f56bfc062723c751e8b465ee728b)  -> (artifact id: '165c7f1c465c77e85193e10411abfe4a') in 0.021452 seconds 
========================================================================
Received Import Request.
  Time since last request: 1.193550 seconds.
  path: Assets/DeskClutterKit/Textures/textures/system_case/system_case_Metallic.png
  artifactKey: Guid(14c1521ea9b652f489937323f86ef93a) Importer(815301076,1909f56bfc062723c751e8b465ee728b)
Start importing Assets/DeskClutterKit/Textures/textures/system_case/system_case_Metallic.png using Guid(14c1521ea9b652f489937323f86ef93a) Importer(815301076,1909f56bfc062723c751e8b465ee728b)  -> (artifact id: '4501d10fdf8c786468f65f3e6ea79556') in 0.032207 seconds 
========================================================================
Received Import Request.
  Time since last request: 28.963607 seconds.
  path: Assets/DeskClutterKit/Textures/office_desk-1_specular.tga
  artifactKey: Guid(80248e36203d860429a3e12fb2435594) Importer(815301076,1909f56bfc062723c751e8b465ee728b)
Start importing Assets/DeskClutterKit/Textures/office_desk-1_specular.tga using Guid(80248e36203d860429a3e12fb2435594) Importer(815301076,1909f56bfc062723c751e8b465ee728b)  -> (artifact id: '3cd40f714c53cc82c07e945f43d380d7') in 0.098264 seconds 
========================================================================
Received Import Request.
  Time since last request: 0.000096 seconds.
  path: Assets/DeskClutterKit/Textures/office_desk-2_ALPHA.tga
  artifactKey: Guid(e3191ce7d1afea54786d2c538691fb53) Importer(815301076,1909f56bfc062723c751e8b465ee728b)
Start importing Assets/DeskClutterKit/Textures/office_desk-2_ALPHA.tga using Guid(e3191ce7d1afea54786d2c538691fb53) Importer(815301076,1909f56bfc062723c751e8b465ee728b)  -> (artifact id: 'df7b509d8b9707e59ff822e649e465a7') in 0.112571 seconds 
Editor requested this worker to shutdown with reason: Scaling down because of idle timeout
AssetImportWorker is now disconnected from the server
Process exiting
Exiting without the bug reporter. Application will terminate with return code 0