Using pre-set license
Built from '2021.3/staging' branch; Version is '2021.3.6f1 (7da38d85baf6) revision 8233869'; Using compiler version '192829333'; Build Type 'Release'
OS: 'Windows 11  (10.0.22621) 64bit Core' Language: 'en' Physical Memory: 16222 MB
BatchMode: 1, IsHumanControllingUs: 0, StartBugReporterOnCrash: 0, Is64bit: 1, IsPro: 1

COMMAND LINE ARGUMENTS:
C:\Program Files\Unity\Hub\Editor\2021.3.6f1\Editor\Unity.exe
-adb2
-batchMode
-noUpm
-name
AssetImportWorker11
-projectPath
C:/Users/elmim/Documents/Sentip/Are-you-there-Unity-/Are-you-there
-logFile
Logs/AssetImportWorker11.log
-srvPort
65137
Successfully changed project path to: C:/Users/elmim/Documents/Sentip/Are-you-there-Unity-/Are-you-there
C:/Users/elmim/Documents/Sentip/Are-you-there-Unity-/Are-you-there
[UnityMemory] Configuration Parameters - Can be set up in boot.config
    "memorysetup-bucket-allocator-granularity=16"
    "memorysetup-bucket-allocator-bucket-count=8"
    "memorysetup-bucket-allocator-block-size=33554432"
    "memorysetup-bucket-allocator-block-count=8"
    "memorysetup-main-allocator-block-size=16777216"
    "memorysetup-thread-allocator-block-size=16777216"
    "memorysetup-gfx-main-allocator-block-size=16777216"
    "memorysetup-gfx-thread-allocator-block-size=16777216"
    "memorysetup-cache-allocator-block-size=4194304"
    "memorysetup-typetree-allocator-block-size=2097152"
    "memorysetup-profiler-bucket-allocator-granularity=16"
    "memorysetup-profiler-bucket-allocator-bucket-count=8"
    "memorysetup-profiler-bucket-allocator-block-size=33554432"
    "memorysetup-profiler-bucket-allocator-block-count=8"
    "memorysetup-profiler-allocator-block-size=16777216"
    "memorysetup-profiler-editor-allocator-block-size=1048576"
    "memorysetup-temp-allocator-size-main=16777216"
    "memorysetup-job-temp-allocator-block-size=2097152"
    "memorysetup-job-temp-allocator-block-size-background=1048576"
    "memorysetup-job-temp-allocator-reduction-small-platforms=262144"
    "memorysetup-temp-allocator-size-background-worker=32768"
    "memorysetup-temp-allocator-size-job-worker=262144"
    "memorysetup-temp-allocator-size-preload-manager=33554432"
    "memorysetup-temp-allocator-size-nav-mesh-worker=65536"
    "memorysetup-temp-allocator-size-audio-worker=65536"
    "memorysetup-temp-allocator-size-cloud-worker=32768"
    "memorysetup-temp-allocator-size-gi-baking-worker=262144"
    "memorysetup-temp-allocator-size-gfx=262144"
Refreshing native plugins compatible for Editor in 212.35 ms, found 3 plugins.
Preloading 0 native plugins for Editor in 0.00 ms.
Initialize engine version: 2021.3.6f1 (7da38d85baf6)
[Subsystems] Discovering subsystems at path C:/Program Files/Unity/Hub/Editor/2021.3.6f1/Editor/Data/Resources/UnitySubsystems
[Subsystems] Discovering subsystems at path C:/Users/elmim/Documents/Sentip/Are-you-there-Unity-/Are-you-there/Assets
GfxDevice: creating device client; threaded=0; jobified=0
Direct3D:
    Version:  Direct3D 11.0 [level 11.1]
    Renderer: NVIDIA GeForce RTX 2060 (ID=0x1f15)
    Vendor:   NVIDIA
    VRAM:     5980 MB
    Driver:   31.0.15.1694
Initialize mono
Mono path[0] = 'C:/Program Files/Unity/Hub/Editor/2021.3.6f1/Editor/Data/Managed'
Mono path[1] = 'C:/Program Files/Unity/Hub/Editor/2021.3.6f1/Editor/Data/MonoBleedingEdge/lib/mono/unityjit-win32'
Mono config path = 'C:/Program Files/Unity/Hub/Editor/2021.3.6f1/Editor/Data/MonoBleedingEdge/etc'
Using monoOptions --debugger-agent=transport=dt_socket,embedding=1,server=y,suspend=n,address=127.0.0.1:56004
Begin MonoManager ReloadAssembly
Registering precompiled unity dll's ...
Register platform support module: C:/Program Files/Unity/Hub/Editor/2021.3.6f1/Editor/Data/PlaybackEngines/WindowsStandaloneSupport/UnityEditor.WindowsStandalone.Extensions.dll
Registered in 0.007343 seconds.
Native extension for WindowsStandalone target not found
Refreshing native plugins compatible for Editor in 123.05 ms, found 3 plugins.
Preloading 0 native plugins for Editor in 0.00 ms.
Mono: successfully reloaded assembly
- Completed reload, in  0.910 seconds
Domain Reload Profiling:
	ReloadAssembly (911ms)
		BeginReloadAssembly (96ms)
			ExecutionOrderSort (0ms)
			DisableScriptedObjects (0ms)
			BackupInstance (0ms)
			ReleaseScriptingObjects (0ms)
			CreateAndSetChildDomain (1ms)
		EndReloadAssembly (668ms)
			LoadAssemblies (92ms)
			RebuildTransferFunctionScriptingTraits (0ms)
			SetupTypeCache (163ms)
			ReleaseScriptCaches (0ms)
			RebuildScriptCaches (48ms)
			SetupLoadedEditorAssemblies (391ms)
				LogAssemblyErrors (0ms)
				InitializePlatformSupportModulesInManaged (10ms)
				SetLoadedEditorAssemblies (0ms)
				RefreshPlugins (123ms)
				BeforeProcessingInitializeOnLoad (2ms)
				ProcessInitializeOnLoadAttributes (190ms)
				ProcessInitializeOnLoadMethodAttributes (65ms)
				AfterProcessingInitializeOnLoad (0ms)
				EditorAssembliesLoaded (0ms)
			ExecutionOrderSort2 (0ms)
			AwakeInstancesAfterBackupRestoration (0ms)
Platform modules already initialized, skipping
Registering precompiled user dll's ...
Registered in 0.007535 seconds.
Begin MonoManager ReloadAssembly
Symbol file LoadedFromMemory doesn't match image C:\Users\elmim\Documents\Sentip\Are-you-there-Unity-\Are-you-there\Library\PackageCache\com.unity.visualscripting@1.7.8\Editor\VisualScripting.Core\Dependencies\YamlDotNet\Unity.VisualScripting.YamlDotNet.dll
Symbol file LoadedFromMemory doesn't match image C:\Users\elmim\Documents\Sentip\Are-you-there-Unity-\Are-you-there\Library\PackageCache\com.unity.visualscripting@1.7.8\Editor\VisualScripting.Core\Dependencies\DotNetZip\Unity.VisualScripting.IonicZip.dll
Native extension for WindowsStandalone target not found
Refreshing native plugins compatible for Editor in 1.26 ms, found 3 plugins.
Preloading 0 native plugins for Editor in 0.00 ms.
Mono: successfully reloaded assembly
- Completed reload, in  1.658 seconds
Domain Reload Profiling:
	ReloadAssembly (1660ms)
		BeginReloadAssembly (204ms)
			ExecutionOrderSort (0ms)
			DisableScriptedObjects (9ms)
			BackupInstance (0ms)
			ReleaseScriptingObjects (0ms)
			CreateAndSetChildDomain (36ms)
		EndReloadAssembly (1242ms)
			LoadAssemblies (194ms)
			RebuildTransferFunctionScriptingTraits (0ms)
			SetupTypeCache (416ms)
			ReleaseScriptCaches (1ms)
			RebuildScriptCaches (75ms)
			SetupLoadedEditorAssemblies (526ms)
				LogAssemblyErrors (0ms)
				InitializePlatformSupportModulesInManaged (7ms)
				SetLoadedEditorAssemblies (1ms)
				RefreshPlugins (1ms)
				BeforeProcessingInitializeOnLoad (128ms)
				ProcessInitializeOnLoadAttributes (342ms)
				ProcessInitializeOnLoadMethodAttributes (37ms)
				AfterProcessingInitializeOnLoad (10ms)
				EditorAssembliesLoaded (0ms)
			ExecutionOrderSort2 (0ms)
			AwakeInstancesAfterBackupRestoration (7ms)
Platform modules already initialized, skipping
========================================================================
Worker process is ready to serve import requests
Launched and connected shader compiler UnityShaderCompiler.exe after 0.23 seconds
Refreshing native plugins compatible for Editor in 1.96 ms, found 3 plugins.
Preloading 0 native plugins for Editor in 0.00 ms.
Unloading 3369 Unused Serialized files (Serialized files now loaded: 0)
Unloading 27 unused Assets / (111.3 KB). Loaded Objects now: 3827.
Memory consumption went from 116.3 MB to 116.2 MB.
Total: 3.425600 ms (FindLiveObjects: 0.285700 ms CreateObjectMapping: 0.270600 ms MarkObjects: 2.754700 ms  DeleteObjects: 0.113400 ms)

AssetImportParameters requested are different than current active one (requested -> active):
  custom:video-decoder-ogg-theora: a1e56fd34408186e4bbccfd4996cb3dc -> 
  custom:container-muxer-webm: aa71ff27fc2769a1b78a27578f13a17b -> 
  custom:container-demuxer-webm: 4f35f7cbe854078d1ac9338744f61a02 -> 
  custom:video-encoder-webm-vp8: eb34c28f22e8b96e1ab97ce403110664 -> 
  custom:audio-encoder-webm-vorbis: bf7c407c2cedff20999df2af8eb42d56 -> 
  custom:framework-win-MediaFoundation: 216162199b28c13a410421893ffa2e32 -> 
  custom:container-demuxer-ogg: 62fdf1f143b41e24485cea50d1cbac27 -> 
  custom:video-decoder-webm-vp8: 9c59270c3fd7afecdb556c50c9e8de78 -> 
  custom:audio-decoder-ogg-vorbis: bf7c407c2cedff20999df2af8eb42d56 -> 
========================================================================
Received Import Request.
  Time since last request: 695058.806185 seconds.
  path: Assets/DeskClutterKit/renders/optimized_lowpoly_keyboard_3d_model_c4d_max_obj_fbx_ma_lwo_3ds_3dm_stl_1667523_o.png
  artifactKey: Guid(2a049e846a7f67048b6be4eedd610596) Importer(815301076,1909f56bfc062723c751e8b465ee728b)
Start importing Assets/DeskClutterKit/renders/optimized_lowpoly_keyboard_3d_model_c4d_max_obj_fbx_ma_lwo_3ds_3dm_stl_1667523_o.png using Guid(2a049e846a7f67048b6be4eedd610596) Importer(815301076,1909f56bfc062723c751e8b465ee728b)  -> (artifact id: 'cc06b15ed2b75ecb351bc8985c8710cb') in 0.141207 seconds 
========================================================================
Received Import Request.
  Time since last request: 0.000035 seconds.
  path: Assets/DeskClutterKit/renders/screenshot008.png
  artifactKey: Guid(3c8eae0aa641c294a88c1c9be073ee02) Importer(815301076,1909f56bfc062723c751e8b465ee728b)
Start importing Assets/DeskClutterKit/renders/screenshot008.png using Guid(3c8eae0aa641c294a88c1c9be073ee02) Importer(815301076,1909f56bfc062723c751e8b465ee728b)  -> (artifact id: 'd8fdfaffb70bf0e7bfceb848e07df6f9') in 0.032216 seconds 
========================================================================
Received Import Request.
  Time since last request: 5.664614 seconds.
  path: Assets/DeskClutterKit/Materials/mat_calculator.mat
  artifactKey: Guid(5197a09e2f54e534fbfc80958f923927) Importer(815301076,1909f56bfc062723c751e8b465ee728b)
Start importing Assets/DeskClutterKit/Materials/mat_calculator.mat using Guid(5197a09e2f54e534fbfc80958f923927) Importer(815301076,1909f56bfc062723c751e8b465ee728b)  -> (artifact id: '2645ce6e6c451e8a25b583445fa3d153') in 0.183414 seconds 
========================================================================
Received Import Request.
  Time since last request: 0.000035 seconds.
  path: Assets/DeskClutterKit/Materials/mat_stapler.mat
  artifactKey: Guid(f3ee502d3c8e1ea4e9de6cc3f345b773) Importer(815301076,1909f56bfc062723c751e8b465ee728b)
Start importing Assets/DeskClutterKit/Materials/mat_stapler.mat using Guid(f3ee502d3c8e1ea4e9de6cc3f345b773) Importer(815301076,1909f56bfc062723c751e8b465ee728b)  -> (artifact id: '4fe6912fac441b0aae848b8b2b0d4544') in 0.032788 seconds 
========================================================================
Received Import Request.
  Time since last request: 0.000042 seconds.
  path: Assets/DeskClutterKit/Materials/mat_pens.mat
  artifactKey: Guid(d0ed185667f663d43bbfca3497476976) Importer(815301076,1909f56bfc062723c751e8b465ee728b)
Start importing Assets/DeskClutterKit/Materials/mat_pens.mat using Guid(d0ed185667f663d43bbfca3497476976) Importer(815301076,1909f56bfc062723c751e8b465ee728b)  -> (artifact id: '15e7f3bb7d7afbd246048bbd36871d3f') in 0.037588 seconds 
========================================================================
Received Import Request.
  Time since last request: 35.412682 seconds.
  path: Assets/Assets_OfficeTables/_previews/medium.jpg
  artifactKey: Guid(2eacaad77183db74884430d2a4c136a5) Importer(815301076,1909f56bfc062723c751e8b465ee728b)
Start importing Assets/Assets_OfficeTables/_previews/medium.jpg using Guid(2eacaad77183db74884430d2a4c136a5) Importer(815301076,1909f56bfc062723c751e8b465ee728b)  -> (artifact id: '6e7790444d4b132de12dbf8133cf9add') in 0.124986 seconds 
========================================================================
Received Import Request.
  Time since last request: 4.164820 seconds.
  path: Assets/Assets_OfficeTables/models/table2.FBX
  artifactKey: Guid(623781b6f01c06241ae38fbd0ebcf7c9) Importer(815301076,1909f56bfc062723c751e8b465ee728b)
Start importing Assets/Assets_OfficeTables/models/table2.FBX using Guid(623781b6f01c06241ae38fbd0ebcf7c9) Importer(815301076,1909f56bfc062723c751e8b465ee728b)  -> (artifact id: '1ee75ebe53220dfcd510a98244446287') in 0.525624 seconds 
========================================================================
Received Import Request.
  Time since last request: 17.515144 seconds.
  path: Assets/DeskClutterKit/Prefabs/table2.prefab
  artifactKey: Guid(133c501dd3a92f948bd913fd1ee9be54) Importer(815301076,1909f56bfc062723c751e8b465ee728b)
Start importing Assets/DeskClutterKit/Prefabs/table2.prefab using Guid(133c501dd3a92f948bd913fd1ee9be54) Importer(815301076,1909f56bfc062723c751e8b465ee728b)  -> (artifact id: '9390422542c085602b956007dce1da8e') in 0.117628 seconds 
========================================================================
Received Import Request.
  Time since last request: 8.075721 seconds.
  path: Assets/DeskClutterKit/Textures/textures/monitor/monitor_ambient_occlusion.png
  artifactKey: Guid(1fe779d42b09ed84aa6dbd717bfe26ba) Importer(815301076,1909f56bfc062723c751e8b465ee728b)
Start importing Assets/DeskClutterKit/Textures/textures/monitor/monitor_ambient_occlusion.png using Guid(1fe779d42b09ed84aa6dbd717bfe26ba) Importer(815301076,1909f56bfc062723c751e8b465ee728b)  -> (artifact id: 'ca345f33e07b59fa0db113aee1ce2619') in 0.031640 seconds 
========================================================================
Received Import Request.
  Time since last request: 1.142764 seconds.
  path: Assets/DeskClutterKit/Textures/textures/keyboard/keyboard_Ambient_Occlusion.png
  artifactKey: Guid(a77e22bb86d21b842bed66db52c33e4f) Importer(815301076,1909f56bfc062723c751e8b465ee728b)
Start importing Assets/DeskClutterKit/Textures/textures/keyboard/keyboard_Ambient_Occlusion.png using Guid(a77e22bb86d21b842bed66db52c33e4f) Importer(815301076,1909f56bfc062723c751e8b465ee728b)  -> (artifact id: '652ed25ddf74743f8cc94f4b415baf13') in 0.030397 seconds 
========================================================================
Received Import Request.
  Time since last request: 1.185262 seconds.
  path: Assets/DeskClutterKit/Textures/textures/system_case/system_case_Ambient_Occlusion.png
  artifactKey: Guid(64bff654dc4cf234bb821605d66fb7ff) Importer(815301076,1909f56bfc062723c751e8b465ee728b)
Start importing Assets/DeskClutterKit/Textures/textures/system_case/system_case_Ambient_Occlusion.png using Guid(64bff654dc4cf234bb821605d66fb7ff) Importer(815301076,1909f56bfc062723c751e8b465ee728b)  -> (artifact id: '22c284d0bc8159b43a37090cd49694eb') in 0.030020 seconds 
========================================================================
Received Import Request.
  Time since last request: 28.966194 seconds.
  path: Assets/DeskClutterKit/Textures/office_desk-1.tga
  artifactKey: Guid(acafb4239a23bec42817213caf2b4be5) Importer(815301076,1909f56bfc062723c751e8b465ee728b)
Start importing Assets/DeskClutterKit/Textures/office_desk-1.tga using Guid(acafb4239a23bec42817213caf2b4be5) Importer(815301076,1909f56bfc062723c751e8b465ee728b)  -> (artifact id: '2d61bd8c616898a0a0f40717a1d5c97c') in 0.096810 seconds 
========================================================================
Received Import Request.
  Time since last request: 0.000030 seconds.
  path: Assets/DeskClutterKit/Textures/office_desk-3_NORMAL.tga
  artifactKey: Guid(cafa354935ee70c4d92490fe6257f2df) Importer(815301076,1909f56bfc062723c751e8b465ee728b)
Start importing Assets/DeskClutterKit/Textures/office_desk-3_NORMAL.tga using Guid(cafa354935ee70c4d92490fe6257f2df) Importer(815301076,1909f56bfc062723c751e8b465ee728b)  -> (artifact id: '4e6afd3ac4b3542bb476de415b08252f') in 0.106827 seconds 
========================================================================
Received Import Request.
  Time since last request: 0.000066 seconds.
  path: Assets/DeskClutterKit/Textures/office_desk-2_NORMAL.tga
  artifactKey: Guid(7ccf8b7ae85c47a4680fcc0769812e96) Importer(815301076,1909f56bfc062723c751e8b465ee728b)
Start importing Assets/DeskClutterKit/Textures/office_desk-2_NORMAL.tga using Guid(7ccf8b7ae85c47a4680fcc0769812e96) Importer(815301076,1909f56bfc062723c751e8b465ee728b)  -> (artifact id: '9eb654b5b61ac9130e16db7b0264d6c0') in 0.030904 seconds 
Editor requested this worker to shutdown with reason: Scaling down because of idle timeout
AssetImportWorker is now disconnected from the server
Process exiting
Exiting without the bug reporter. Application will terminate with return code 0