Using pre-set license
Built from '2021.3/staging' branch; Version is '2021.3.6f1 (7da38d85baf6) revision 8233869'; Using compiler version '192829333'; Build Type 'Release'
OS: 'Windows 11  (10.0.22621) 64bit Core' Language: 'en' Physical Memory: 16222 MB
BatchMode: 1, IsHumanControllingUs: 0, StartBugReporterOnCrash: 0, Is64bit: 1, IsPro: 1

COMMAND LINE ARGUMENTS:
C:\Program Files\Unity\Hub\Editor\2021.3.6f1\Editor\Unity.exe
-adb2
-batchMode
-noUpm
-name
AssetImportWorker4
-projectPath
C:/Users/elmim/Documents/Sentip/Are-you-there-Unity-/Are-you-there
-logFile
Logs/AssetImportWorker4.log
-srvPort
65137
Successfully changed project path to: C:/Users/elmim/Documents/Sentip/Are-you-there-Unity-/Are-you-there
C:/Users/elmim/Documents/Sentip/Are-you-there-Unity-/Are-you-there
[UnityMemory] Configuration Parameters - Can be set up in boot.config
    "memorysetup-bucket-allocator-granularity=16"
    "memorysetup-bucket-allocator-bucket-count=8"
    "memorysetup-bucket-allocator-block-size=33554432"
    "memorysetup-bucket-allocator-block-count=8"
    "memorysetup-main-allocator-block-size=16777216"
    "memorysetup-thread-allocator-block-size=16777216"
    "memorysetup-gfx-main-allocator-block-size=16777216"
    "memorysetup-gfx-thread-allocator-block-size=16777216"
    "memorysetup-cache-allocator-block-size=4194304"
    "memorysetup-typetree-allocator-block-size=2097152"
    "memorysetup-profiler-bucket-allocator-granularity=16"
    "memorysetup-profiler-bucket-allocator-bucket-count=8"
    "memorysetup-profiler-bucket-allocator-block-size=33554432"
    "memorysetup-profiler-bucket-allocator-block-count=8"
    "memorysetup-profiler-allocator-block-size=16777216"
    "memorysetup-profiler-editor-allocator-block-size=1048576"
    "memorysetup-temp-allocator-size-main=16777216"
    "memorysetup-job-temp-allocator-block-size=2097152"
    "memorysetup-job-temp-allocator-block-size-background=1048576"
    "memorysetup-job-temp-allocator-reduction-small-platforms=262144"
    "memorysetup-temp-allocator-size-background-worker=32768"
    "memorysetup-temp-allocator-size-job-worker=262144"
    "memorysetup-temp-allocator-size-preload-manager=33554432"
    "memorysetup-temp-allocator-size-nav-mesh-worker=65536"
    "memorysetup-temp-allocator-size-audio-worker=65536"
    "memorysetup-temp-allocator-size-cloud-worker=32768"
    "memorysetup-temp-allocator-size-gi-baking-worker=262144"
    "memorysetup-temp-allocator-size-gfx=262144"
Refreshing native plugins compatible for Editor in 144.04 ms, found 3 plugins.
Preloading 0 native plugins for Editor in 0.00 ms.
Initialize engine version: 2021.3.6f1 (7da38d85baf6)
[Subsystems] Discovering subsystems at path C:/Program Files/Unity/Hub/Editor/2021.3.6f1/Editor/Data/Resources/UnitySubsystems
[Subsystems] Discovering subsystems at path C:/Users/elmim/Documents/Sentip/Are-you-there-Unity-/Are-you-there/Assets
GfxDevice: creating device client; threaded=0; jobified=0
Direct3D:
    Version:  Direct3D 11.0 [level 11.1]
    Renderer: NVIDIA GeForce RTX 2060 (ID=0x1f15)
    Vendor:   NVIDIA
    VRAM:     5980 MB
    Driver:   31.0.15.1694
Initialize mono
Mono path[0] = 'C:/Program Files/Unity/Hub/Editor/2021.3.6f1/Editor/Data/Managed'
Mono path[1] = 'C:/Program Files/Unity/Hub/Editor/2021.3.6f1/Editor/Data/MonoBleedingEdge/lib/mono/unityjit-win32'
Mono config path = 'C:/Program Files/Unity/Hub/Editor/2021.3.6f1/Editor/Data/MonoBleedingEdge/etc'
Using monoOptions --debugger-agent=transport=dt_socket,embedding=1,server=y,suspend=n,address=127.0.0.1:56168
Begin MonoManager ReloadAssembly
Registering precompiled unity dll's ...
Register platform support module: C:/Program Files/Unity/Hub/Editor/2021.3.6f1/Editor/Data/PlaybackEngines/WindowsStandaloneSupport/UnityEditor.WindowsStandalone.Extensions.dll
Registered in 0.006839 seconds.
Native extension for WindowsStandalone target not found
Refreshing native plugins compatible for Editor in 182.41 ms, found 3 plugins.
Preloading 0 native plugins for Editor in 0.00 ms.
Mono: successfully reloaded assembly
- Completed reload, in  1.346 seconds
Domain Reload Profiling:
	ReloadAssembly (1347ms)
		BeginReloadAssembly (126ms)
			ExecutionOrderSort (0ms)
			DisableScriptedObjects (0ms)
			BackupInstance (0ms)
			ReleaseScriptingObjects (0ms)
			CreateAndSetChildDomain (1ms)
		EndReloadAssembly (1069ms)
			LoadAssemblies (122ms)
			RebuildTransferFunctionScriptingTraits (0ms)
			SetupTypeCache (181ms)
			ReleaseScriptCaches (0ms)
			RebuildScriptCaches (80ms)
			SetupLoadedEditorAssemblies (698ms)
				LogAssemblyErrors (0ms)
				InitializePlatformSupportModulesInManaged (12ms)
				SetLoadedEditorAssemblies (0ms)
				RefreshPlugins (183ms)
				BeforeProcessingInitializeOnLoad (2ms)
				ProcessInitializeOnLoadAttributes (383ms)
				ProcessInitializeOnLoadMethodAttributes (118ms)
				AfterProcessingInitializeOnLoad (0ms)
				EditorAssembliesLoaded (0ms)
			ExecutionOrderSort2 (0ms)
			AwakeInstancesAfterBackupRestoration (0ms)
Platform modules already initialized, skipping
Registering precompiled user dll's ...
Registered in 0.009451 seconds.
Begin MonoManager ReloadAssembly
Symbol file LoadedFromMemory doesn't match image C:\Users\elmim\Documents\Sentip\Are-you-there-Unity-\Are-you-there\Library\PackageCache\com.unity.visualscripting@1.7.8\Editor\VisualScripting.Core\Dependencies\YamlDotNet\Unity.VisualScripting.YamlDotNet.dll
Symbol file LoadedFromMemory doesn't match image C:\Users\elmim\Documents\Sentip\Are-you-there-Unity-\Are-you-there\Library\PackageCache\com.unity.visualscripting@1.7.8\Editor\VisualScripting.Core\Dependencies\DotNetZip\Unity.VisualScripting.IonicZip.dll
Native extension for WindowsStandalone target not found
Refreshing native plugins compatible for Editor in 1.22 ms, found 3 plugins.
Preloading 0 native plugins for Editor in 0.00 ms.
Mono: successfully reloaded assembly
- Completed reload, in  2.216 seconds
Domain Reload Profiling:
	ReloadAssembly (2218ms)
		BeginReloadAssembly (196ms)
			ExecutionOrderSort (0ms)
			DisableScriptedObjects (10ms)
			BackupInstance (0ms)
			ReleaseScriptingObjects (0ms)
			CreateAndSetChildDomain (26ms)
		EndReloadAssembly (1818ms)
			LoadAssemblies (183ms)
			RebuildTransferFunctionScriptingTraits (0ms)
			SetupTypeCache (736ms)
			ReleaseScriptCaches (2ms)
			RebuildScriptCaches (172ms)
			SetupLoadedEditorAssemblies (647ms)
				LogAssemblyErrors (0ms)
				InitializePlatformSupportModulesInManaged (11ms)
				SetLoadedEditorAssemblies (3ms)
				RefreshPlugins (1ms)
				BeforeProcessingInitializeOnLoad (189ms)
				ProcessInitializeOnLoadAttributes (392ms)
				ProcessInitializeOnLoadMethodAttributes (43ms)
				AfterProcessingInitializeOnLoad (8ms)
				EditorAssembliesLoaded (0ms)
			ExecutionOrderSort2 (0ms)
			AwakeInstancesAfterBackupRestoration (10ms)
Platform modules already initialized, skipping
========================================================================
Worker process is ready to serve import requests
Launched and connected shader compiler UnityShaderCompiler.exe after 0.16 seconds
Refreshing native plugins compatible for Editor in 0.91 ms, found 3 plugins.
Preloading 0 native plugins for Editor in 0.00 ms.
Unloading 3369 Unused Serialized files (Serialized files now loaded: 0)
Unloading 27 unused Assets / (111.3 KB). Loaded Objects now: 3827.
Memory consumption went from 116.3 MB to 116.2 MB.
Total: 50.356800 ms (FindLiveObjects: 0.303500 ms CreateObjectMapping: 0.264800 ms MarkObjects: 49.616500 ms  DeleteObjects: 0.170600 ms)

AssetImportParameters requested are different than current active one (requested -> active):
  custom:video-decoder-ogg-theora: a1e56fd34408186e4bbccfd4996cb3dc -> 
  custom:container-muxer-webm: aa71ff27fc2769a1b78a27578f13a17b -> 
  custom:container-demuxer-webm: 4f35f7cbe854078d1ac9338744f61a02 -> 
  custom:video-encoder-webm-vp8: eb34c28f22e8b96e1ab97ce403110664 -> 
  custom:audio-encoder-webm-vorbis: bf7c407c2cedff20999df2af8eb42d56 -> 
  custom:framework-win-MediaFoundation: 216162199b28c13a410421893ffa2e32 -> 
  custom:container-demuxer-ogg: 62fdf1f143b41e24485cea50d1cbac27 -> 
  custom:video-decoder-webm-vp8: 9c59270c3fd7afecdb556c50c9e8de78 -> 
  custom:audio-decoder-ogg-vorbis: bf7c407c2cedff20999df2af8eb42d56 -> 
========================================================================
Received Import Request.
  Time since last request: 695002.757652 seconds.
  path: Assets/DeskClutterKit/Prefabs/pref_calculator.prefab
  artifactKey: Guid(8ad973f8f4683684d8972a0328380a4a) Importer(815301076,1909f56bfc062723c751e8b465ee728b)
Start importing Assets/DeskClutterKit/Prefabs/pref_calculator.prefab using Guid(8ad973f8f4683684d8972a0328380a4a) Importer(815301076,1909f56bfc062723c751e8b465ee728b)  -> (artifact id: 'b28542d50abc99bf2b3a3047350991a5') in 0.324221 seconds 
========================================================================
Received Import Request.
  Time since last request: 0.000037 seconds.
  path: Assets/DeskClutterKit/Prefabs/pref_stapler.prefab
  artifactKey: Guid(6a53ae0df75b2b34ba459c5f013e88ec) Importer(815301076,1909f56bfc062723c751e8b465ee728b)
Start importing Assets/DeskClutterKit/Prefabs/pref_stapler.prefab using Guid(6a53ae0df75b2b34ba459c5f013e88ec) Importer(815301076,1909f56bfc062723c751e8b465ee728b)  -> (artifact id: '3b40ade1f79e34892c987a1335b0b30f') in 0.026328 seconds 
========================================================================
Received Import Request.
  Time since last request: 0.000043 seconds.
  path: Assets/DeskClutterKit/Prefabs/pref_filetray.prefab
  artifactKey: Guid(c00b1867ed2c3f9449fcf26723212092) Importer(815301076,1909f56bfc062723c751e8b465ee728b)
Start importing Assets/DeskClutterKit/Prefabs/pref_filetray.prefab using Guid(c00b1867ed2c3f9449fcf26723212092) Importer(815301076,1909f56bfc062723c751e8b465ee728b)  -> (artifact id: 'd9932f60cd2f2409ecb27ce43f14b939') in 0.043600 seconds 
========================================================================
Received Import Request.
  Time since last request: 0.000130 seconds.
  path: Assets/DeskClutterKit/Prefabs/pref_mouse.prefab
  artifactKey: Guid(5f5c45515738bbe45804a37acf0e0aa9) Importer(815301076,1909f56bfc062723c751e8b465ee728b)
Start importing Assets/DeskClutterKit/Prefabs/pref_mouse.prefab using Guid(5f5c45515738bbe45804a37acf0e0aa9) Importer(815301076,1909f56bfc062723c751e8b465ee728b)  -> (artifact id: 'cfa2c3831445c4ef500ad52eb7970748') in 0.072728 seconds 
========================================================================
Received Import Request.
  Time since last request: 0.000028 seconds.
  path: Assets/DeskClutterKit/Prefabs/pref_deskphone.prefab
  artifactKey: Guid(51fbf5bfec2417649a616b9ec4642e30) Importer(815301076,1909f56bfc062723c751e8b465ee728b)
Start importing Assets/DeskClutterKit/Prefabs/pref_deskphone.prefab using Guid(51fbf5bfec2417649a616b9ec4642e30) Importer(815301076,1909f56bfc062723c751e8b465ee728b)  -> (artifact id: 'd8deeee5b86f28ffacdfec72db062a6e') in 0.051478 seconds 
========================================================================
Received Import Request.
  Time since last request: 0.000029 seconds.
  path: Assets/DeskClutterKit/Prefabs/pref_highlighter.prefab
  artifactKey: Guid(01c142904402fd547990f29604070870) Importer(815301076,1909f56bfc062723c751e8b465ee728b)
Start importing Assets/DeskClutterKit/Prefabs/pref_highlighter.prefab using Guid(01c142904402fd547990f29604070870) Importer(815301076,1909f56bfc062723c751e8b465ee728b)  -> (artifact id: 'c6c4cee581f8a604dace08f58817e656') in 0.022951 seconds 
========================================================================
Received Import Request.
  Time since last request: 0.000028 seconds.
  path: Assets/DeskClutterKit/Prefabs/pref_pencilholder.prefab
  artifactKey: Guid(224622a3921dbb04f94191f415bf2ade) Importer(815301076,1909f56bfc062723c751e8b465ee728b)
Start importing Assets/DeskClutterKit/Prefabs/pref_pencilholder.prefab using Guid(224622a3921dbb04f94191f415bf2ade) Importer(815301076,1909f56bfc062723c751e8b465ee728b)  -> (artifact id: 'a5dff02dc07b2900c51b191cfe034450') in 0.357072 seconds 
========================================================================
Received Import Request.
  Time since last request: 20.253289 seconds.
  path: Assets/Scenes/SampleScene.unity
  artifactKey: Guid(9fc0d4010bbf28b4594072e72b8655ab) Importer(815301076,1909f56bfc062723c751e8b465ee728b)
Start importing Assets/Scenes/SampleScene.unity using Guid(9fc0d4010bbf28b4594072e72b8655ab) Importer(815301076,1909f56bfc062723c751e8b465ee728b)  -> (artifact id: 'b4fa73ba4976e1077bb96872faa66fbc') in 0.016011 seconds 
========================================================================
Received Import Request.
  Time since last request: 34.793631 seconds.
  path: Assets/DeskClutterKit/renders/facebook.psd
  artifactKey: Guid(3f102727ff546544cbb2e599a91c0677) Importer(815301076,1909f56bfc062723c751e8b465ee728b)
Start importing Assets/DeskClutterKit/renders/facebook.psd using Guid(3f102727ff546544cbb2e599a91c0677) Importer(815301076,1909f56bfc062723c751e8b465ee728b)  -> (artifact id: 'a6a5cdd5b0cabe4739c5582de7728954') in 0.039228 seconds 
========================================================================
Received Import Request.
  Time since last request: 0.000027 seconds.
  path: Assets/DeskClutterKit/renders/screenshot009.png
  artifactKey: Guid(b813a5dc94bcfc3439f969b750d197c8) Importer(815301076,1909f56bfc062723c751e8b465ee728b)
Start importing Assets/DeskClutterKit/renders/screenshot009.png using Guid(b813a5dc94bcfc3439f969b750d197c8) Importer(815301076,1909f56bfc062723c751e8b465ee728b)  -> (artifact id: 'dc5b3055a61c937fe85ca3b49699cc65') in 0.025046 seconds 
========================================================================
Received Import Request.
  Time since last request: 0.000031 seconds.
  path: Assets/DeskClutterKit/renders/screenshot004.png
  artifactKey: Guid(901c7bd26a41dde42814b821b55153b6) Importer(815301076,1909f56bfc062723c751e8b465ee728b)
Start importing Assets/DeskClutterKit/renders/screenshot004.png using Guid(901c7bd26a41dde42814b821b55153b6) Importer(815301076,1909f56bfc062723c751e8b465ee728b)  -> (artifact id: '7ba280db29de995286222916ac694f60') in 0.031428 seconds 
========================================================================
Received Import Request.
  Time since last request: 0.000042 seconds.
  path: Assets/DeskClutterKit/renders/screenshot006.png
  artifactKey: Guid(be446c67a521bd1499c4b670252f11bc) Importer(815301076,1909f56bfc062723c751e8b465ee728b)
Start importing Assets/DeskClutterKit/renders/screenshot006.png using Guid(be446c67a521bd1499c4b670252f11bc) Importer(815301076,1909f56bfc062723c751e8b465ee728b)  -> (artifact id: 'd0090a94adf58447ee2e6c43ed1d3bb9') in 0.029423 seconds 
========================================================================
Received Import Request.
  Time since last request: 5.696120 seconds.
  path: Assets/DeskClutterKit/Materials/keyboard.mat
  artifactKey: Guid(d61f61691f937d646b418e49c3bbfa43) Importer(815301076,1909f56bfc062723c751e8b465ee728b)
Start importing Assets/DeskClutterKit/Materials/keyboard.mat using Guid(d61f61691f937d646b418e49c3bbfa43) Importer(815301076,1909f56bfc062723c751e8b465ee728b)  -> (artifact id: '73c317db344c2e58d9b415ffec6ad6f2') in 0.150217 seconds 
========================================================================
Received Import Request.
  Time since last request: 0.000041 seconds.
  path: Assets/DeskClutterKit/Materials/mousepad.mat
  artifactKey: Guid(2b0c017188df9d64aa24dd7ac7e71702) Importer(815301076,1909f56bfc062723c751e8b465ee728b)
Start importing Assets/DeskClutterKit/Materials/mousepad.mat using Guid(2b0c017188df9d64aa24dd7ac7e71702) Importer(815301076,1909f56bfc062723c751e8b465ee728b)  -> (artifact id: 'ad10764887d0b35d09e90308d635ff3e') in 0.066595 seconds 
========================================================================
Received Import Request.
  Time since last request: 0.000052 seconds.
  path: Assets/DeskClutterKit/Materials/mat_pencilholder.mat
  artifactKey: Guid(c9fa06e93b82e604f9fcf226f97f810e) Importer(815301076,1909f56bfc062723c751e8b465ee728b)
Start importing Assets/DeskClutterKit/Materials/mat_pencilholder.mat using Guid(c9fa06e93b82e604f9fcf226f97f810e) Importer(815301076,1909f56bfc062723c751e8b465ee728b)  -> (artifact id: '6c2fbc9e38a2a664240c971c218e1042') in 0.029877 seconds 
========================================================================
Received Import Request.
  Time since last request: 0.000030 seconds.
  path: Assets/DeskClutterKit/Materials/speaker2.mat
  artifactKey: Guid(b4696b0e4be987b459793edec16aa07e) Importer(815301076,1909f56bfc062723c751e8b465ee728b)
Start importing Assets/DeskClutterKit/Materials/speaker2.mat using Guid(b4696b0e4be987b459793edec16aa07e) Importer(815301076,1909f56bfc062723c751e8b465ee728b)  -> (artifact id: '8b496047fd752b0618c309301028bc6f') in 0.075195 seconds 
========================================================================
Received Import Request.
  Time since last request: 19.515331 seconds.
  path: Assets/HQ Computer/all_models_scene.unity
  artifactKey: Guid(b990dd9b7e81ab741bfb8f0d4c72d546) Importer(815301076,1909f56bfc062723c751e8b465ee728b)
Start importing Assets/HQ Computer/all_models_scene.unity using Guid(b990dd9b7e81ab741bfb8f0d4c72d546) Importer(815301076,1909f56bfc062723c751e8b465ee728b)  -> (artifact id: '3c5e14086b7dfb44c41d4d971a59530e') in 0.007855 seconds 
========================================================================
Received Import Request.
  Time since last request: 15.798120 seconds.
  path: Assets/Assets_OfficeTables/_previews/large.jpg
  artifactKey: Guid(be9d177f05583644fa91f3ddaee8e747) Importer(815301076,1909f56bfc062723c751e8b465ee728b)
Start importing Assets/Assets_OfficeTables/_previews/large.jpg using Guid(be9d177f05583644fa91f3ddaee8e747) Importer(815301076,1909f56bfc062723c751e8b465ee728b)  -> (artifact id: '1785608c52bd1c74ddb568b0bbffb61b') in 0.124877 seconds 
========================================================================
Received Import Request.
  Time since last request: 4.165781 seconds.
  path: Assets/Assets_OfficeTables/models/table1.FBX
  artifactKey: Guid(974a906d6dc63fb4591fffd74f077f22) Importer(815301076,1909f56bfc062723c751e8b465ee728b)
Start importing Assets/Assets_OfficeTables/models/table1.FBX using Guid(974a906d6dc63fb4591fffd74f077f22) Importer(815301076,1909f56bfc062723c751e8b465ee728b)  -> (artifact id: 'd910515c7464ac52c76a1a34c132b113') in 0.536755 seconds 
========================================================================
Received Import Request.
  Time since last request: 17.505677 seconds.
  path: Assets/DeskClutterKit/Prefabs/table1.prefab
  artifactKey: Guid(5025eb7236a6bdc429cd85ca1daf87e5) Importer(815301076,1909f56bfc062723c751e8b465ee728b)
Start importing Assets/DeskClutterKit/Prefabs/table1.prefab using Guid(5025eb7236a6bdc429cd85ca1daf87e5) Importer(815301076,1909f56bfc062723c751e8b465ee728b)  -> (artifact id: 'f49b326a7bcb474c6aba3a1ac2978ea1') in 0.098044 seconds 
========================================================================
Received Import Request.
  Time since last request: 8.088030 seconds.
  path: Assets/DeskClutterKit/Textures/textures/monitor/monitor_Albedo_ON.png
  artifactKey: Guid(24b47afc9fd055a4094b2977086aa3c7) Importer(815301076,1909f56bfc062723c751e8b465ee728b)
Start importing Assets/DeskClutterKit/Textures/textures/monitor/monitor_Albedo_ON.png using Guid(24b47afc9fd055a4094b2977086aa3c7) Importer(815301076,1909f56bfc062723c751e8b465ee728b)  -> (artifact id: '78326312b52ff7fed794d581e6cdc1db') in 0.026567 seconds 
========================================================================
Received Import Request.
  Time since last request: 1.144698 seconds.
  path: Assets/DeskClutterKit/Textures/textures/keyboard/keyboard_albedo.png
  artifactKey: Guid(36b24e5f5277e754193e7f3c25193836) Importer(815301076,1909f56bfc062723c751e8b465ee728b)
Start importing Assets/DeskClutterKit/Textures/textures/keyboard/keyboard_albedo.png using Guid(36b24e5f5277e754193e7f3c25193836) Importer(815301076,1909f56bfc062723c751e8b465ee728b)  -> (artifact id: '5857302269d073cbb7aef72a1691f370') in 0.025615 seconds 
========================================================================
Received Import Request.
  Time since last request: 1.191572 seconds.
  path: Assets/DeskClutterKit/Textures/textures/system_case/system_case_Albedo.png
  artifactKey: Guid(270a545127feba749a52945612484f9c) Importer(815301076,1909f56bfc062723c751e8b465ee728b)
Start importing Assets/DeskClutterKit/Textures/textures/system_case/system_case_Albedo.png using Guid(270a545127feba749a52945612484f9c) Importer(815301076,1909f56bfc062723c751e8b465ee728b)  -> (artifact id: 'e1a21e83f9d7b5daf60f8160a3c48963') in 0.024292 seconds 
========================================================================
Received Import Request.
  Time since last request: 28.969863 seconds.
  path: Assets/DeskClutterKit/Textures/glass-6.tga
  artifactKey: Guid(996e1884489b80343a59cc24349960a4) Importer(815301076,1909f56bfc062723c751e8b465ee728b)
Start importing Assets/DeskClutterKit/Textures/glass-6.tga using Guid(996e1884489b80343a59cc24349960a4) Importer(815301076,1909f56bfc062723c751e8b465ee728b)  -> (artifact id: '789b1a83599208eff6c5c866c9a5e85a') in 0.079863 seconds 
========================================================================
Received Import Request.
  Time since last request: 0.000134 seconds.
  path: Assets/DeskClutterKit/Textures/shelf-1_GLASS.tga
  artifactKey: Guid(9e39dff90001364448de6bbd96967a4a) Importer(815301076,1909f56bfc062723c751e8b465ee728b)
Start importing Assets/DeskClutterKit/Textures/shelf-1_GLASS.tga using Guid(9e39dff90001364448de6bbd96967a4a) Importer(815301076,1909f56bfc062723c751e8b465ee728b)  -> (artifact id: '8cc5a48de814bbb045c99aeb724b395a') in 0.032023 seconds 
========================================================================
Received Import Request.
  Time since last request: 0.000033 seconds.
  path: Assets/DeskClutterKit/Textures/office_desk-3_ALPHA.tga
  artifactKey: Guid(6ad1ec7435a8677468701b58ca295c69) Importer(815301076,1909f56bfc062723c751e8b465ee728b)
Start importing Assets/DeskClutterKit/Textures/office_desk-3_ALPHA.tga using Guid(6ad1ec7435a8677468701b58ca295c69) Importer(815301076,1909f56bfc062723c751e8b465ee728b)  -> (artifact id: '9e69f1cca964fe1970287c16a54f574f') in 0.099201 seconds 
========================================================================
Received Import Request.
  Time since last request: 8.933261 seconds.
  path: Assets/DeskClutterKit/prefab
  artifactKey: Guid(7b4200e0992c5bf44822be2925127f80) Importer(815301076,1909f56bfc062723c751e8b465ee728b)
Start importing Assets/DeskClutterKit/prefab using Guid(7b4200e0992c5bf44822be2925127f80) Importer(815301076,1909f56bfc062723c751e8b465ee728b)  -> (artifact id: '5eb712e7c1dc06b6728a3574b0cfb2a1') in 0.008641 seconds 
========================================================================
Received Import Request.
  Time since last request: 12.409764 seconds.
  path: Assets/DeskClutterKit/Prefabs
  artifactKey: Guid(5c8ee193acd806b44bb3c4fcc280f2c1) Importer(815301076,1909f56bfc062723c751e8b465ee728b)
Start importing Assets/DeskClutterKit/Prefabs using Guid(5c8ee193acd806b44bb3c4fcc280f2c1) Importer(815301076,1909f56bfc062723c751e8b465ee728b)  -> (artifact id: 'a24e9cd74b7f3ff98c52338e84d47f83') in 0.005814 seconds 
========================================================================
Received Import Request.
  Time since last request: 85.361420 seconds.
  path: Packages/com.unity.testtools.codecoverage/package.json
  artifactKey: Guid(ba7d60725b0ec604698819352642be89) Importer(815301076,1909f56bfc062723c751e8b465ee728b)
Start importing Packages/com.unity.testtools.codecoverage/package.json using Guid(ba7d60725b0ec604698819352642be89) Importer(815301076,1909f56bfc062723c751e8b465ee728b)  -> (artifact id: 'bd2dd2fcfb070eff30dd06220f902a2a') in 0.025449 seconds 
========================================================================
Received Import Request.
  Time since last request: 50.931196 seconds.
  path: Assets/Desks&DeskClutter/models/Materials/glass-6.mat
  artifactKey: Guid(d0230bacbdff8c04099f1adf75cf9e2d) Importer(815301076,1909f56bfc062723c751e8b465ee728b)
Start importing Assets/Desks&DeskClutter/models/Materials/glass-6.mat using Guid(d0230bacbdff8c04099f1adf75cf9e2d) Importer(815301076,1909f56bfc062723c751e8b465ee728b)  -> (artifact id: '3c8d58f73ddc6752e56a275e03f7ea3d') in 0.022191 seconds 
========================================================================
Received Import Request.
  Time since last request: 0.000023 seconds.
  path: Assets/Desks&DeskClutter/models/Materials/office_desk-2.mat
  artifactKey: Guid(9fecd5c23d4abba46b61c109ad67ca8b) Importer(815301076,1909f56bfc062723c751e8b465ee728b)
Start importing Assets/Desks&DeskClutter/models/Materials/office_desk-2.mat using Guid(9fecd5c23d4abba46b61c109ad67ca8b) Importer(815301076,1909f56bfc062723c751e8b465ee728b)  -> (artifact id: '1a46ad717aee3f6a98c0c00b39ee93ee') in 0.178252 seconds 
========================================================================
Received Import Request.
  Time since last request: 0.000030 seconds.
  path: Assets/Desks&DeskClutter/models/Materials/office_desk-3.mat
  artifactKey: Guid(bddde41b32ba3474589af0f13b4e2999) Importer(815301076,1909f56bfc062723c751e8b465ee728b)
Start importing Assets/Desks&DeskClutter/models/Materials/office_desk-3.mat using Guid(bddde41b32ba3474589af0f13b4e2999) Importer(815301076,1909f56bfc062723c751e8b465ee728b)  -> (artifact id: '72c60e59cd1ad84fa0e4112262668f62') in 0.016583 seconds 
========================================================================
Received Import Request.
  Time since last request: 0.000032 seconds.
  path: Assets/Desks&DeskClutter/models/Materials/shelf-1_GLASS.mat
  artifactKey: Guid(cfbad587101f73f48a0a0a3531b0caa1) Importer(815301076,1909f56bfc062723c751e8b465ee728b)
Start importing Assets/Desks&DeskClutter/models/Materials/shelf-1_GLASS.mat using Guid(cfbad587101f73f48a0a0a3531b0caa1) Importer(815301076,1909f56bfc062723c751e8b465ee728b)  -> (artifact id: 'f89d6bb0bc3b5ea11d22b5878edb3e0b') in 0.105157 seconds 
========================================================================
Received Import Request.
  Time since last request: 4.275781 seconds.
  path: Assets/Desks&DeskClutter/models/Materials
  artifactKey: Guid(1048e98cbe6113c41abd283f23067dd1) Importer(815301076,1909f56bfc062723c751e8b465ee728b)
Start importing Assets/Desks&DeskClutter/models/Materials using Guid(1048e98cbe6113c41abd283f23067dd1) Importer(815301076,1909f56bfc062723c751e8b465ee728b)  -> (artifact id: '076b5f9223758aa1d400e48fd7377662') in 0.006129 seconds 
========================================================================
Received Import Request.
  Time since last request: 12.228396 seconds.
  path: Assets/Desks&DeskClutter/Meshes/models/Materials/keyboard2_polySurface423Mat.mat
  artifactKey: Guid(505efd9b02a1c14488b454c15ed60355) Importer(815301076,1909f56bfc062723c751e8b465ee728b)
Start importing Assets/Desks&DeskClutter/Meshes/models/Materials/keyboard2_polySurface423Mat.mat using Guid(505efd9b02a1c14488b454c15ed60355) Importer(815301076,1909f56bfc062723c751e8b465ee728b)  -> (artifact id: '83a1ac1fafdcb2a90913263f9b2278d0') in 0.021862 seconds 
========================================================================
Received Import Request.
  Time since last request: 0.000034 seconds.
  path: Assets/Desks&DeskClutter/Meshes/models/Materials/system_case_gFBXASC032pPlane1Mat.mat
  artifactKey: Guid(0d0bcdb875d909545a13f399e86d9716) Importer(815301076,1909f56bfc062723c751e8b465ee728b)
Start importing Assets/Desks&DeskClutter/Meshes/models/Materials/system_case_gFBXASC032pPlane1Mat.mat using Guid(0d0bcdb875d909545a13f399e86d9716) Importer(815301076,1909f56bfc062723c751e8b465ee728b)  -> (artifact id: '5fe7febb3260907448f608faf7c1c062') in 0.018082 seconds 
========================================================================
Received Import Request.
  Time since last request: 0.000036 seconds.
  path: Assets/Desks&DeskClutter/Meshes/models/Materials/speaker2_pCylinder2Mat.mat
  artifactKey: Guid(df9c993871595fc47ac964fabf388c5c) Importer(815301076,1909f56bfc062723c751e8b465ee728b)
Start importing Assets/Desks&DeskClutter/Meshes/models/Materials/speaker2_pCylinder2Mat.mat using Guid(df9c993871595fc47ac964fabf388c5c) Importer(815301076,1909f56bfc062723c751e8b465ee728b)  -> (artifact id: '752566afb94749e8fbad077605703c3b') in 0.022668 seconds 
Editor requested this worker to shutdown with reason: Scaling down because of idle timeout
AssetImportWorker is now disconnected from the server
Process exiting
Exiting without the bug reporter. Application will terminate with return code 0